#
# There is insufficient memory for the Java Runtime Environment to continue.
# Native memory allocation (malloc) failed to allocate 1007264 bytes for Chunk::new
# Possible reasons:
#   The system is out of physical RAM or swap space
#   The process is running with CompressedOops enabled, and the Java Heap may be blocking the growth of the native heap
# Possible solutions:
#   Reduce memory load on the system
#   Increase physical memory or swap space
#   Check if swap backing store is full
#   Decrease Java heap size (-Xmx/-Xms)
#   Decrease number of Java threads
#   Decrease Java thread stack sizes (-Xss)
#   Set larger code cache with -XX:ReservedCodeCacheSize=
#   JVM is running with Unscaled Compressed Oops mode in which the Java heap is
#     placed in the first 4GB address space. The Java Heap base address is the
#     maximum limit for the native heap growth. Please use -XX:HeapBaseMinAddress
#     to set the Java Heap base and to place the Java Heap above 4GB virtual address.
# This output file may be truncated or incomplete.
#
#  Out of Memory Error (arena.cpp:168), pid=15072, tid=18564
#
# JRE version: Java(TM) SE Runtime Environment (21.0.8+12) (build 21.0.8+12-LTS-250)
# Java VM: Java HotSpot(TM) 64-Bit Server VM (21.0.8+12-LTS-250, mixed mode, sharing, tiered, compressed oops, compressed class ptrs, g1 gc, windows-amd64)
# No core dump will be written. Minidumps are not enabled by default on client versions of Windows
#

---------------  S U M M A R Y ------------

Command Line: --add-opens=java.base/java.lang=ALL-UNNAMED --add-opens=java.base/java.lang.invoke=ALL-UNNAMED --add-opens=java.base/java.util=ALL-UNNAMED --add-opens=java.prefs/java.util.prefs=ALL-UNNAMED --add-exports=jdk.compiler/com.sun.tools.javac.api=ALL-UNNAMED --add-exports=jdk.compiler/com.sun.tools.javac.util=ALL-UNNAMED --add-opens=java.base/java.util=ALL-UNNAMED --add-opens=java.prefs/java.util.prefs=ALL-UNNAMED --add-opens=java.base/java.nio.charset=ALL-UNNAMED --add-opens=java.base/java.net=ALL-UNNAMED --add-opens=java.base/java.util.concurrent.atomic=ALL-UNNAMED --add-opens=java.xml/javax.xml.namespace=ALL-UNNAMED -XX:MaxMetaspaceSize=384m -XX:+HeapDumpOnOutOfMemoryError -Xms256m -Xmx512m -Dfile.encoding=UTF-8 -Duser.country=US -Duser.language=en -Duser.variant -javaagent:C:\Users\ADMINIS\.gradle\wrapper\dists\gradle-8.14.3-bin\cv11ve7ro1n3o1j4so8xd9n66\gradle-8.14.3\lib\agents\gradle-instrumentation-agent-8.14.3.jar org.gradle.launcher.daemon.bootstrap.GradleDaemon 8.14.3

Host: 11th Gen Intel(R) Core(TM) i5-11400H @ 2.70GHz, 12 cores, 7G,  Windows 11 , 64 bit Build 26100 (10.0.26100.4768)
Time: Wed Aug 20 16:18:01 2025 SE Asia Standard Time elapsed time: 2.612661 seconds (0d 0h 0m 2s)

---------------  T H R E A D  ---------------

Current thread (0x00000202a33e79a0):  JavaThread "C2 CompilerThread1" daemon [_thread_in_native, id=18564, stack(0x0000006567200000,0x0000006567300000) (1024K)]


Current CompileTask:
C2:   2612 2725       4       java.lang.invoke.MethodType::makeImpl (109 bytes)

Stack: [0x0000006567200000,0x0000006567300000]
Native frames: (J=compiled Java code, j=interpreted, Vv=VM code, C=native code)
V  [jvm.dll+0x6cc179]
V  [jvm.dll+0x8584c1]
V  [jvm.dll+0x85a9ee]
V  [jvm.dll+0x85b0c3]
V  [jvm.dll+0x27ebf6]
V  [jvm.dll+0xc4f4d]
V  [jvm.dll+0xc5483]
V  [jvm.dll+0x3b6abc]
V  [jvm.dll+0x1e0363]
V  [jvm.dll+0x2477c2]
V  [jvm.dll+0x246c4f]
V  [jvm.dll+0x1c7a3e]
V  [jvm.dll+0x256359]
V  [jvm.dll+0x2548ea]
V  [jvm.dll+0x3efef6]
V  [jvm.dll+0x80279b]
V  [jvm.dll+0x6ca85d]
C  [ucrtbase.dll+0x37b0]
C  [KERNEL32.DLL+0x2e8d7]
C  [ntdll.dll+0x3c34c]


---------------  P R O C E S S  ---------------

Threads class SMR info:
_java_thread_list=0x00000202be4c3bd0, length=25, elements={
0x0000020285f490c0, 0x00000202a33aa0b0, 0x00000202a33ab770, 0x00000202a33ad190,
0x00000202a33aff80, 0x00000202a33d22a0, 0x00000202a33d6880, 0x00000202a33dc190,
0x00000202a33e94e0, 0x00000202a3530420, 0x00000202a36eb830, 0x00000202a33e79a0,
0x00000202be043670, 0x00000202be00daa0, 0x00000202bde531f0, 0x00000202be0676c0,
0x00000202be0662c0, 0x00000202be300ba0, 0x00000202be30acd0, 0x00000202be317e50,
0x00000202be31c200, 0x00000202be31c890, 0x00000202be31d5b0, 0x00000202be31cf20,
0x00000202be31e2d0
}

Java Threads: ( => current thread )
  0x0000020285f490c0 JavaThread "main"                              [_thread_blocked, id=19584, stack(0x0000006566000000,0x0000006566100000) (1024K)]
  0x00000202a33aa0b0 JavaThread "Reference Handler"          daemon [_thread_blocked, id=25280, stack(0x0000006566800000,0x0000006566900000) (1024K)]
  0x00000202a33ab770 JavaThread "Finalizer"                  daemon [_thread_blocked, id=3952, stack(0x0000006566900000,0x0000006566a00000) (1024K)]
  0x00000202a33ad190 JavaThread "Signal Dispatcher"          daemon [_thread_blocked, id=22596, stack(0x0000006566a00000,0x0000006566b00000) (1024K)]
  0x00000202a33aff80 JavaThread "Attach Listener"            daemon [_thread_blocked, id=23768, stack(0x0000006566b00000,0x0000006566c00000) (1024K)]
  0x00000202a33d22a0 JavaThread "Service Thread"             daemon [_thread_blocked, id=18540, stack(0x0000006566c00000,0x0000006566d00000) (1024K)]
  0x00000202a33d6880 JavaThread "Monitor Deflation Thread"   daemon [_thread_blocked, id=12844, stack(0x0000006566d00000,0x0000006566e00000) (1024K)]
  0x00000202a33dc190 JavaThread "C2 CompilerThread0"         daemon [_thread_in_native, id=12696, stack(0x0000006566e00000,0x0000006566f00000) (1024K)]
  0x00000202a33e94e0 JavaThread "C1 CompilerThread0"         daemon [_thread_blocked, id=17744, stack(0x0000006566f00000,0x0000006567000000) (1024K)]
  0x00000202a3530420 JavaThread "Common-Cleaner"             daemon [_thread_blocked, id=24496, stack(0x0000006567000000,0x0000006567100000) (1024K)]
  0x00000202a36eb830 JavaThread "Notification Thread"        daemon [_thread_blocked, id=6000, stack(0x0000006567100000,0x0000006567200000) (1024K)]
=>0x00000202a33e79a0 JavaThread "C2 CompilerThread1"         daemon [_thread_in_native, id=18564, stack(0x0000006567200000,0x0000006567300000) (1024K)]
  0x00000202be043670 JavaThread "Daemon health stats"               [_thread_blocked, id=24952, stack(0x0000006567800000,0x0000006567900000) (1024K)]
  0x00000202be00daa0 JavaThread "Incoming local TCP Connector on port 30158"        [_thread_in_native, id=24932, stack(0x0000006567900000,0x0000006567a00000) (1024K)]
  0x00000202bde531f0 JavaThread "Daemon periodic checks"            [_thread_blocked, id=11060, stack(0x0000006567a00000,0x0000006567b00000) (1024K)]
  0x00000202be0676c0 JavaThread "Daemon"                            [_thread_blocked, id=20208, stack(0x0000006567b00000,0x0000006567c00000) (1024K)]
  0x00000202be0662c0 JavaThread "Handler for socket connection from /127.0.0.1:30158 to /127.0.0.1:30159"        [_thread_in_native, id=23080, stack(0x0000006567c00000,0x0000006567d00000) (1024K)]
  0x00000202be300ba0 JavaThread "Cancel handler"                    [_thread_blocked, id=18996, stack(0x0000006567d00000,0x0000006567e00000) (1024K)]
  0x00000202be30acd0 JavaThread "Daemon worker"                     [_thread_in_vm, id=23644, stack(0x0000006567e00000,0x0000006567f00000) (1024K)]
  0x00000202be317e50 JavaThread "Asynchronous log dispatcher for DefaultDaemonConnection: socket connection from /127.0.0.1:30158 to /127.0.0.1:30159"        [_thread_blocked, id=21472, stack(0x0000006567f00000,0x0000006568000000) (1024K)]
  0x00000202be31c200 JavaThread "Stdin handler"                     [_thread_blocked, id=24756, stack(0x0000006568000000,0x0000006568100000) (1024K)]
  0x00000202be31c890 JavaThread "Daemon client event forwarder"        [_thread_blocked, id=18196, stack(0x0000006568100000,0x0000006568200000) (1024K)]
  0x00000202be31d5b0 JavaThread "Cache worker for journal cache (C:\Users\ADMINIS\.gradle\caches\journal-1)"        [_thread_blocked, id=20332, stack(0x0000006568200000,0x0000006568300000) (1024K)]
  0x00000202be31cf20 JavaThread "File lock request listener"        [_thread_in_native, id=16664, stack(0x0000006568300000,0x0000006568400000) (1024K)]
  0x00000202be31e2d0 JavaThread "Cache worker for file hash cache (C:\Users\ADMINIS\.gradle\caches\8.14.3\fileHashes)"        [_thread_blocked, id=2748, stack(0x0000006568400000,0x0000006568500000) (1024K)]
Total: 25

Other Threads:
  0x00000202a3279a10 VMThread "VM Thread"                           [id=11124, stack(0x0000006566700000,0x0000006566800000) (1024K)]
  0x00000202a326aff0 WatcherThread "VM Periodic Task Thread"        [id=17528, stack(0x0000006566600000,0x0000006566700000) (1024K)]
  0x0000020288222b00 WorkerThread "GC Thread#0"                     [id=24288, stack(0x0000006566100000,0x0000006566200000) (1024K)]
  0x00000202a35dd2b0 WorkerThread "GC Thread#1"                     [id=19612, stack(0x0000006567300000,0x0000006567400000) (1024K)]
  0x00000202a3a28ff0 WorkerThread "GC Thread#2"                     [id=21932, stack(0x0000006567400000,0x0000006567500000) (1024K)]
  0x00000202a3a29390 WorkerThread "GC Thread#3"                     [id=22324, stack(0x0000006567500000,0x0000006567600000) (1024K)]
  0x00000202a35dda50 WorkerThread "GC Thread#4"                     [id=25364, stack(0x0000006567600000,0x0000006567700000) (1024K)]
  0x00000202a35dddf0 WorkerThread "GC Thread#5"                     [id=23812, stack(0x0000006567700000,0x0000006567800000) (1024K)]
  0x00000202882389c0 ConcurrentGCThread "G1 Main Marker"            [id=25212, stack(0x0000006566200000,0x0000006566300000) (1024K)]
  0x000002028823aa20 WorkerThread "G1 Conc#0"                       [id=25360, stack(0x0000006566300000,0x0000006566400000) (1024K)]
  0x00000202a313ba30 ConcurrentGCThread "G1 Refine#0"               [id=7648, stack(0x0000006566400000,0x0000006566500000) (1024K)]
  0x00000202a313c250 ConcurrentGCThread "G1 Service"                [id=19892, stack(0x0000006566500000,0x0000006566600000) (1024K)]
Total: 12

Threads with active compile tasks:
C2 CompilerThread0     2635 2688   !   4       java.lang.ClassLoader::loadClass (121 bytes)
C2 CompilerThread1     2635 2725       4       java.lang.invoke.MethodType::makeImpl (109 bytes)
Total: 2

VM state: not at safepoint (normal execution)

VM Mutex/Monitor currently owned by a thread:  ([mutex/lock_event])
[0x00007ff9e5f7ee50] Metaspace_lock - owner thread: 0x00000202be30acd0

Heap address: 0x00000000e0000000, size: 512 MB, Compressed Oops mode: 32-bit

CDS archive(s) mapped at: [0x00000202a4000000-0x00000202a4c90000-0x00000202a4c90000), size 13172736, SharedBaseAddress: 0x00000202a4000000, ArchiveRelocationMode: 1.
Compressed class space mapped at: 0x00000202a5000000-0x00000202b9000000, reserved size: 335544320
Narrow klass base: 0x00000202a4000000, Narrow klass shift: 0, Narrow klass range: 0x100000000

GC Precious Log:
 CardTable entry size: 512
 Card Set container configuration: InlinePtr #cards 5 size 8 Array Of Cards #cards 12 size 40 Howl #buckets 4 coarsen threshold 1843 Howl Bitmap #cards 512 size 80 coarsen threshold 460 Card regions per heap region 1 cards per card region 2048
 CPUs: 12 total, 12 available
 Memory: 7955M
 Large Page Support: Disabled
 NUMA Support: Disabled
 Compressed Oops: Enabled (32-bit)
 Heap Region Size: 1M
 Heap Min Capacity: 256M
 Heap Initial Capacity: 256M
 Heap Max Capacity: 512M
 Pre-touch: Disabled
 Parallel Workers: 10
 Concurrent Workers: 3
 Concurrent Refinement Workers: 10
 Periodic GC: Disabled

Heap:
 garbage-first heap   total 262144K, used 74324K [0x00000000e0000000, 0x0000000100000000)
  region size 1024K, 62 young (63488K), 5 survivors (5120K)
 Metaspace       used 16463K, committed 16960K, reserved 393216K
  class space    used 2243K, committed 2496K, reserved 327680K

Heap Regions: E=young(eden), S=young(survivor), O=old, HS=humongous(starts), HC=humongous(continues), CS=collection set, F=free, TAMS=top-at-mark-start, PB=parsable bottom
|   0|0x00000000e0000000, 0x00000000e0100000, 0x00000000e0100000|100%|HS|  |TAMS 0x00000000e0000000| PB 0x00000000e0000000| Complete 
|   1|0x00000000e0100000, 0x00000000e0200000, 0x00000000e0200000|100%|HC|  |TAMS 0x00000000e0100000| PB 0x00000000e0100000| Complete 
|   2|0x00000000e0200000, 0x00000000e0300000, 0x00000000e0300000|100%|HC|  |TAMS 0x00000000e0200000| PB 0x00000000e0200000| Complete 
|   3|0x00000000e0300000, 0x00000000e0400000, 0x00000000e0400000|100%| O|  |TAMS 0x00000000e0300000| PB 0x00000000e0300000| Untracked 
|   4|0x00000000e0400000, 0x00000000e0500000, 0x00000000e0500000|100%| O|  |TAMS 0x00000000e0400000| PB 0x00000000e0400000| Untracked 
|   5|0x00000000e0500000, 0x00000000e0600000, 0x00000000e0600000|100%| O|  |TAMS 0x00000000e0500000| PB 0x00000000e0500000| Untracked 
|   6|0x00000000e0600000, 0x00000000e0700000, 0x00000000e0700000|100%|HS|  |TAMS 0x00000000e0600000| PB 0x00000000e0600000| Complete 
|   7|0x00000000e0700000, 0x00000000e0700000, 0x00000000e0800000|  0%| F|  |TAMS 0x00000000e0700000| PB 0x00000000e0700000| Untracked 
|   8|0x00000000e0800000, 0x00000000e0900000, 0x00000000e0900000|100%| O|  |TAMS 0x00000000e0800000| PB 0x00000000e0800000| Untracked 
|   9|0x00000000e0900000, 0x00000000e0a00000, 0x00000000e0a00000|100%| O|  |TAMS 0x00000000e0900000| PB 0x00000000e0900000| Untracked 
|  10|0x00000000e0a00000, 0x00000000e0b00000, 0x00000000e0b00000|100%| O|  |TAMS 0x00000000e0a00000| PB 0x00000000e0a00000| Untracked 
|  11|0x00000000e0b00000, 0x00000000e0c00000, 0x00000000e0c00000|100%| O|  |TAMS 0x00000000e0b00000| PB 0x00000000e0b00000| Untracked 
|  12|0x00000000e0c00000, 0x00000000e0cfe938, 0x00000000e0d00000| 99%| O|  |TAMS 0x00000000e0c00000| PB 0x00000000e0c00000| Untracked 
|  13|0x00000000e0d00000, 0x00000000e0d00000, 0x00000000e0e00000|  0%| F|  |TAMS 0x00000000e0d00000| PB 0x00000000e0d00000| Untracked 
|  14|0x00000000e0e00000, 0x00000000e0e00000, 0x00000000e0f00000|  0%| F|  |TAMS 0x00000000e0e00000| PB 0x00000000e0e00000| Untracked 
|  15|0x00000000e0f00000, 0x00000000e0f00000, 0x00000000e1000000|  0%| F|  |TAMS 0x00000000e0f00000| PB 0x00000000e0f00000| Untracked 
|  16|0x00000000e1000000, 0x00000000e1000000, 0x00000000e1100000|  0%| F|  |TAMS 0x00000000e1000000| PB 0x00000000e1000000| Untracked 
|  17|0x00000000e1100000, 0x00000000e1100000, 0x00000000e1200000|  0%| F|  |TAMS 0x00000000e1100000| PB 0x00000000e1100000| Untracked 
|  18|0x00000000e1200000, 0x00000000e1200000, 0x00000000e1300000|  0%| F|  |TAMS 0x00000000e1200000| PB 0x00000000e1200000| Untracked 
|  19|0x00000000e1300000, 0x00000000e1300000, 0x00000000e1400000|  0%| F|  |TAMS 0x00000000e1300000| PB 0x00000000e1300000| Untracked 
|  20|0x00000000e1400000, 0x00000000e1400000, 0x00000000e1500000|  0%| F|  |TAMS 0x00000000e1400000| PB 0x00000000e1400000| Untracked 
|  21|0x00000000e1500000, 0x00000000e1500000, 0x00000000e1600000|  0%| F|  |TAMS 0x00000000e1500000| PB 0x00000000e1500000| Untracked 
|  22|0x00000000e1600000, 0x00000000e1600000, 0x00000000e1700000|  0%| F|  |TAMS 0x00000000e1600000| PB 0x00000000e1600000| Untracked 
|  23|0x00000000e1700000, 0x00000000e1700000, 0x00000000e1800000|  0%| F|  |TAMS 0x00000000e1700000| PB 0x00000000e1700000| Untracked 
|  24|0x00000000e1800000, 0x00000000e1800000, 0x00000000e1900000|  0%| F|  |TAMS 0x00000000e1800000| PB 0x00000000e1800000| Untracked 
|  25|0x00000000e1900000, 0x00000000e1900000, 0x00000000e1a00000|  0%| F|  |TAMS 0x00000000e1900000| PB 0x00000000e1900000| Untracked 
|  26|0x00000000e1a00000, 0x00000000e1a00000, 0x00000000e1b00000|  0%| F|  |TAMS 0x00000000e1a00000| PB 0x00000000e1a00000| Untracked 
|  27|0x00000000e1b00000, 0x00000000e1b00000, 0x00000000e1c00000|  0%| F|  |TAMS 0x00000000e1b00000| PB 0x00000000e1b00000| Untracked 
|  28|0x00000000e1c00000, 0x00000000e1c00000, 0x00000000e1d00000|  0%| F|  |TAMS 0x00000000e1c00000| PB 0x00000000e1c00000| Untracked 
|  29|0x00000000e1d00000, 0x00000000e1d00000, 0x00000000e1e00000|  0%| F|  |TAMS 0x00000000e1d00000| PB 0x00000000e1d00000| Untracked 
|  30|0x00000000e1e00000, 0x00000000e1e00000, 0x00000000e1f00000|  0%| F|  |TAMS 0x00000000e1e00000| PB 0x00000000e1e00000| Untracked 
|  31|0x00000000e1f00000, 0x00000000e1f00000, 0x00000000e2000000|  0%| F|  |TAMS 0x00000000e1f00000| PB 0x00000000e1f00000| Untracked 
|  32|0x00000000e2000000, 0x00000000e2000000, 0x00000000e2100000|  0%| F|  |TAMS 0x00000000e2000000| PB 0x00000000e2000000| Untracked 
|  33|0x00000000e2100000, 0x00000000e2100000, 0x00000000e2200000|  0%| F|  |TAMS 0x00000000e2100000| PB 0x00000000e2100000| Untracked 
|  34|0x00000000e2200000, 0x00000000e2200000, 0x00000000e2300000|  0%| F|  |TAMS 0x00000000e2200000| PB 0x00000000e2200000| Untracked 
|  35|0x00000000e2300000, 0x00000000e2300000, 0x00000000e2400000|  0%| F|  |TAMS 0x00000000e2300000| PB 0x00000000e2300000| Untracked 
|  36|0x00000000e2400000, 0x00000000e2400000, 0x00000000e2500000|  0%| F|  |TAMS 0x00000000e2400000| PB 0x00000000e2400000| Untracked 
|  37|0x00000000e2500000, 0x00000000e2500000, 0x00000000e2600000|  0%| F|  |TAMS 0x00000000e2500000| PB 0x00000000e2500000| Untracked 
|  38|0x00000000e2600000, 0x00000000e2600000, 0x00000000e2700000|  0%| F|  |TAMS 0x00000000e2600000| PB 0x00000000e2600000| Untracked 
|  39|0x00000000e2700000, 0x00000000e2700000, 0x00000000e2800000|  0%| F|  |TAMS 0x00000000e2700000| PB 0x00000000e2700000| Untracked 
|  40|0x00000000e2800000, 0x00000000e2800000, 0x00000000e2900000|  0%| F|  |TAMS 0x00000000e2800000| PB 0x00000000e2800000| Untracked 
|  41|0x00000000e2900000, 0x00000000e2900000, 0x00000000e2a00000|  0%| F|  |TAMS 0x00000000e2900000| PB 0x00000000e2900000| Untracked 
|  42|0x00000000e2a00000, 0x00000000e2a00000, 0x00000000e2b00000|  0%| F|  |TAMS 0x00000000e2a00000| PB 0x00000000e2a00000| Untracked 
|  43|0x00000000e2b00000, 0x00000000e2b00000, 0x00000000e2c00000|  0%| F|  |TAMS 0x00000000e2b00000| PB 0x00000000e2b00000| Untracked 
|  44|0x00000000e2c00000, 0x00000000e2c00000, 0x00000000e2d00000|  0%| F|  |TAMS 0x00000000e2c00000| PB 0x00000000e2c00000| Untracked 
|  45|0x00000000e2d00000, 0x00000000e2d00000, 0x00000000e2e00000|  0%| F|  |TAMS 0x00000000e2d00000| PB 0x00000000e2d00000| Untracked 
|  46|0x00000000e2e00000, 0x00000000e2e00000, 0x00000000e2f00000|  0%| F|  |TAMS 0x00000000e2e00000| PB 0x00000000e2e00000| Untracked 
|  47|0x00000000e2f00000, 0x00000000e2f00000, 0x00000000e3000000|  0%| F|  |TAMS 0x00000000e2f00000| PB 0x00000000e2f00000| Untracked 
|  48|0x00000000e3000000, 0x00000000e3000000, 0x00000000e3100000|  0%| F|  |TAMS 0x00000000e3000000| PB 0x00000000e3000000| Untracked 
|  49|0x00000000e3100000, 0x00000000e3100000, 0x00000000e3200000|  0%| F|  |TAMS 0x00000000e3100000| PB 0x00000000e3100000| Untracked 
|  50|0x00000000e3200000, 0x00000000e3200000, 0x00000000e3300000|  0%| F|  |TAMS 0x00000000e3200000| PB 0x00000000e3200000| Untracked 
|  51|0x00000000e3300000, 0x00000000e3300000, 0x00000000e3400000|  0%| F|  |TAMS 0x00000000e3300000| PB 0x00000000e3300000| Untracked 
|  52|0x00000000e3400000, 0x00000000e3400000, 0x00000000e3500000|  0%| F|  |TAMS 0x00000000e3400000| PB 0x00000000e3400000| Untracked 
|  53|0x00000000e3500000, 0x00000000e3500000, 0x00000000e3600000|  0%| F|  |TAMS 0x00000000e3500000| PB 0x00000000e3500000| Untracked 
|  54|0x00000000e3600000, 0x00000000e3600000, 0x00000000e3700000|  0%| F|  |TAMS 0x00000000e3600000| PB 0x00000000e3600000| Untracked 
|  55|0x00000000e3700000, 0x00000000e3700000, 0x00000000e3800000|  0%| F|  |TAMS 0x00000000e3700000| PB 0x00000000e3700000| Untracked 
|  56|0x00000000e3800000, 0x00000000e3800000, 0x00000000e3900000|  0%| F|  |TAMS 0x00000000e3800000| PB 0x00000000e3800000| Untracked 
|  57|0x00000000e3900000, 0x00000000e3900000, 0x00000000e3a00000|  0%| F|  |TAMS 0x00000000e3900000| PB 0x00000000e3900000| Untracked 
|  58|0x00000000e3a00000, 0x00000000e3a00000, 0x00000000e3b00000|  0%| F|  |TAMS 0x00000000e3a00000| PB 0x00000000e3a00000| Untracked 
|  59|0x00000000e3b00000, 0x00000000e3b00000, 0x00000000e3c00000|  0%| F|  |TAMS 0x00000000e3b00000| PB 0x00000000e3b00000| Untracked 
|  60|0x00000000e3c00000, 0x00000000e3c00000, 0x00000000e3d00000|  0%| F|  |TAMS 0x00000000e3c00000| PB 0x00000000e3c00000| Untracked 
|  61|0x00000000e3d00000, 0x00000000e3d00000, 0x00000000e3e00000|  0%| F|  |TAMS 0x00000000e3d00000| PB 0x00000000e3d00000| Untracked 
|  62|0x00000000e3e00000, 0x00000000e3e00000, 0x00000000e3f00000|  0%| F|  |TAMS 0x00000000e3e00000| PB 0x00000000e3e00000| Untracked 
|  63|0x00000000e3f00000, 0x00000000e3f00000, 0x00000000e4000000|  0%| F|  |TAMS 0x00000000e3f00000| PB 0x00000000e3f00000| Untracked 
|  64|0x00000000e4000000, 0x00000000e4000000, 0x00000000e4100000|  0%| F|  |TAMS 0x00000000e4000000| PB 0x00000000e4000000| Untracked 
|  65|0x00000000e4100000, 0x00000000e4100000, 0x00000000e4200000|  0%| F|  |TAMS 0x00000000e4100000| PB 0x00000000e4100000| Untracked 
|  66|0x00000000e4200000, 0x00000000e4200000, 0x00000000e4300000|  0%| F|  |TAMS 0x00000000e4200000| PB 0x00000000e4200000| Untracked 
|  67|0x00000000e4300000, 0x00000000e4300000, 0x00000000e4400000|  0%| F|  |TAMS 0x00000000e4300000| PB 0x00000000e4300000| Untracked 
|  68|0x00000000e4400000, 0x00000000e4400000, 0x00000000e4500000|  0%| F|  |TAMS 0x00000000e4400000| PB 0x00000000e4400000| Untracked 
|  69|0x00000000e4500000, 0x00000000e4500000, 0x00000000e4600000|  0%| F|  |TAMS 0x00000000e4500000| PB 0x00000000e4500000| Untracked 
|  70|0x00000000e4600000, 0x00000000e4600000, 0x00000000e4700000|  0%| F|  |TAMS 0x00000000e4600000| PB 0x00000000e4600000| Untracked 
|  71|0x00000000e4700000, 0x00000000e4700000, 0x00000000e4800000|  0%| F|  |TAMS 0x00000000e4700000| PB 0x00000000e4700000| Untracked 
|  72|0x00000000e4800000, 0x00000000e4800000, 0x00000000e4900000|  0%| F|  |TAMS 0x00000000e4800000| PB 0x00000000e4800000| Untracked 
|  73|0x00000000e4900000, 0x00000000e4900000, 0x00000000e4a00000|  0%| F|  |TAMS 0x00000000e4900000| PB 0x00000000e4900000| Untracked 
|  74|0x00000000e4a00000, 0x00000000e4a00000, 0x00000000e4b00000|  0%| F|  |TAMS 0x00000000e4a00000| PB 0x00000000e4a00000| Untracked 
|  75|0x00000000e4b00000, 0x00000000e4b00000, 0x00000000e4c00000|  0%| F|  |TAMS 0x00000000e4b00000| PB 0x00000000e4b00000| Untracked 
|  76|0x00000000e4c00000, 0x00000000e4c00000, 0x00000000e4d00000|  0%| F|  |TAMS 0x00000000e4c00000| PB 0x00000000e4c00000| Untracked 
|  77|0x00000000e4d00000, 0x00000000e4d00000, 0x00000000e4e00000|  0%| F|  |TAMS 0x00000000e4d00000| PB 0x00000000e4d00000| Untracked 
|  78|0x00000000e4e00000, 0x00000000e4e00000, 0x00000000e4f00000|  0%| F|  |TAMS 0x00000000e4e00000| PB 0x00000000e4e00000| Untracked 
|  79|0x00000000e4f00000, 0x00000000e4f00000, 0x00000000e5000000|  0%| F|  |TAMS 0x00000000e4f00000| PB 0x00000000e4f00000| Untracked 
|  80|0x00000000e5000000, 0x00000000e5000000, 0x00000000e5100000|  0%| F|  |TAMS 0x00000000e5000000| PB 0x00000000e5000000| Untracked 
|  81|0x00000000e5100000, 0x00000000e5100000, 0x00000000e5200000|  0%| F|  |TAMS 0x00000000e5100000| PB 0x00000000e5100000| Untracked 
|  82|0x00000000e5200000, 0x00000000e5200000, 0x00000000e5300000|  0%| F|  |TAMS 0x00000000e5200000| PB 0x00000000e5200000| Untracked 
|  83|0x00000000e5300000, 0x00000000e5300000, 0x00000000e5400000|  0%| F|  |TAMS 0x00000000e5300000| PB 0x00000000e5300000| Untracked 
|  84|0x00000000e5400000, 0x00000000e5400000, 0x00000000e5500000|  0%| F|  |TAMS 0x00000000e5400000| PB 0x00000000e5400000| Untracked 
|  85|0x00000000e5500000, 0x00000000e5500000, 0x00000000e5600000|  0%| F|  |TAMS 0x00000000e5500000| PB 0x00000000e5500000| Untracked 
|  86|0x00000000e5600000, 0x00000000e5600000, 0x00000000e5700000|  0%| F|  |TAMS 0x00000000e5600000| PB 0x00000000e5600000| Untracked 
|  87|0x00000000e5700000, 0x00000000e5700000, 0x00000000e5800000|  0%| F|  |TAMS 0x00000000e5700000| PB 0x00000000e5700000| Untracked 
|  88|0x00000000e5800000, 0x00000000e5800000, 0x00000000e5900000|  0%| F|  |TAMS 0x00000000e5800000| PB 0x00000000e5800000| Untracked 
|  89|0x00000000e5900000, 0x00000000e5900000, 0x00000000e5a00000|  0%| F|  |TAMS 0x00000000e5900000| PB 0x00000000e5900000| Untracked 
|  90|0x00000000e5a00000, 0x00000000e5a00000, 0x00000000e5b00000|  0%| F|  |TAMS 0x00000000e5a00000| PB 0x00000000e5a00000| Untracked 
|  91|0x00000000e5b00000, 0x00000000e5b00000, 0x00000000e5c00000|  0%| F|  |TAMS 0x00000000e5b00000| PB 0x00000000e5b00000| Untracked 
|  92|0x00000000e5c00000, 0x00000000e5c00000, 0x00000000e5d00000|  0%| F|  |TAMS 0x00000000e5c00000| PB 0x00000000e5c00000| Untracked 
|  93|0x00000000e5d00000, 0x00000000e5d00000, 0x00000000e5e00000|  0%| F|  |TAMS 0x00000000e5d00000| PB 0x00000000e5d00000| Untracked 
|  94|0x00000000e5e00000, 0x00000000e5e00000, 0x00000000e5f00000|  0%| F|  |TAMS 0x00000000e5e00000| PB 0x00000000e5e00000| Untracked 
|  95|0x00000000e5f00000, 0x00000000e5f00000, 0x00000000e6000000|  0%| F|  |TAMS 0x00000000e5f00000| PB 0x00000000e5f00000| Untracked 
|  96|0x00000000e6000000, 0x00000000e6000000, 0x00000000e6100000|  0%| F|  |TAMS 0x00000000e6000000| PB 0x00000000e6000000| Untracked 
|  97|0x00000000e6100000, 0x00000000e6100000, 0x00000000e6200000|  0%| F|  |TAMS 0x00000000e6100000| PB 0x00000000e6100000| Untracked 
|  98|0x00000000e6200000, 0x00000000e6200000, 0x00000000e6300000|  0%| F|  |TAMS 0x00000000e6200000| PB 0x00000000e6200000| Untracked 
|  99|0x00000000e6300000, 0x00000000e6300000, 0x00000000e6400000|  0%| F|  |TAMS 0x00000000e6300000| PB 0x00000000e6300000| Untracked 
| 100|0x00000000e6400000, 0x00000000e6400000, 0x00000000e6500000|  0%| F|  |TAMS 0x00000000e6400000| PB 0x00000000e6400000| Untracked 
| 101|0x00000000e6500000, 0x00000000e6500000, 0x00000000e6600000|  0%| F|  |TAMS 0x00000000e6500000| PB 0x00000000e6500000| Untracked 
| 102|0x00000000e6600000, 0x00000000e6600000, 0x00000000e6700000|  0%| F|  |TAMS 0x00000000e6600000| PB 0x00000000e6600000| Untracked 
| 103|0x00000000e6700000, 0x00000000e6700000, 0x00000000e6800000|  0%| F|  |TAMS 0x00000000e6700000| PB 0x00000000e6700000| Untracked 
| 104|0x00000000e6800000, 0x00000000e6800000, 0x00000000e6900000|  0%| F|  |TAMS 0x00000000e6800000| PB 0x00000000e6800000| Untracked 
| 105|0x00000000e6900000, 0x00000000e6900000, 0x00000000e6a00000|  0%| F|  |TAMS 0x00000000e6900000| PB 0x00000000e6900000| Untracked 
| 106|0x00000000e6a00000, 0x00000000e6a00000, 0x00000000e6b00000|  0%| F|  |TAMS 0x00000000e6a00000| PB 0x00000000e6a00000| Untracked 
| 107|0x00000000e6b00000, 0x00000000e6b00000, 0x00000000e6c00000|  0%| F|  |TAMS 0x00000000e6b00000| PB 0x00000000e6b00000| Untracked 
| 108|0x00000000e6c00000, 0x00000000e6c00000, 0x00000000e6d00000|  0%| F|  |TAMS 0x00000000e6c00000| PB 0x00000000e6c00000| Untracked 
| 109|0x00000000e6d00000, 0x00000000e6d00000, 0x00000000e6e00000|  0%| F|  |TAMS 0x00000000e6d00000| PB 0x00000000e6d00000| Untracked 
| 110|0x00000000e6e00000, 0x00000000e6e00000, 0x00000000e6f00000|  0%| F|  |TAMS 0x00000000e6e00000| PB 0x00000000e6e00000| Untracked 
| 111|0x00000000e6f00000, 0x00000000e6f00000, 0x00000000e7000000|  0%| F|  |TAMS 0x00000000e6f00000| PB 0x00000000e6f00000| Untracked 
| 112|0x00000000e7000000, 0x00000000e7000000, 0x00000000e7100000|  0%| F|  |TAMS 0x00000000e7000000| PB 0x00000000e7000000| Untracked 
| 113|0x00000000e7100000, 0x00000000e7100000, 0x00000000e7200000|  0%| F|  |TAMS 0x00000000e7100000| PB 0x00000000e7100000| Untracked 
| 114|0x00000000e7200000, 0x00000000e7200000, 0x00000000e7300000|  0%| F|  |TAMS 0x00000000e7200000| PB 0x00000000e7200000| Untracked 
| 115|0x00000000e7300000, 0x00000000e7300000, 0x00000000e7400000|  0%| F|  |TAMS 0x00000000e7300000| PB 0x00000000e7300000| Untracked 
| 116|0x00000000e7400000, 0x00000000e7400000, 0x00000000e7500000|  0%| F|  |TAMS 0x00000000e7400000| PB 0x00000000e7400000| Untracked 
| 117|0x00000000e7500000, 0x00000000e7500000, 0x00000000e7600000|  0%| F|  |TAMS 0x00000000e7500000| PB 0x00000000e7500000| Untracked 
| 118|0x00000000e7600000, 0x00000000e7600000, 0x00000000e7700000|  0%| F|  |TAMS 0x00000000e7600000| PB 0x00000000e7600000| Untracked 
| 119|0x00000000e7700000, 0x00000000e7700000, 0x00000000e7800000|  0%| F|  |TAMS 0x00000000e7700000| PB 0x00000000e7700000| Untracked 
| 120|0x00000000e7800000, 0x00000000e7800000, 0x00000000e7900000|  0%| F|  |TAMS 0x00000000e7800000| PB 0x00000000e7800000| Untracked 
| 121|0x00000000e7900000, 0x00000000e7900000, 0x00000000e7a00000|  0%| F|  |TAMS 0x00000000e7900000| PB 0x00000000e7900000| Untracked 
| 122|0x00000000e7a00000, 0x00000000e7a00000, 0x00000000e7b00000|  0%| F|  |TAMS 0x00000000e7a00000| PB 0x00000000e7a00000| Untracked 
| 123|0x00000000e7b00000, 0x00000000e7b00000, 0x00000000e7c00000|  0%| F|  |TAMS 0x00000000e7b00000| PB 0x00000000e7b00000| Untracked 
| 124|0x00000000e7c00000, 0x00000000e7c00000, 0x00000000e7d00000|  0%| F|  |TAMS 0x00000000e7c00000| PB 0x00000000e7c00000| Untracked 
| 125|0x00000000e7d00000, 0x00000000e7d00000, 0x00000000e7e00000|  0%| F|  |TAMS 0x00000000e7d00000| PB 0x00000000e7d00000| Untracked 
| 126|0x00000000e7e00000, 0x00000000e7e00000, 0x00000000e7f00000|  0%| F|  |TAMS 0x00000000e7e00000| PB 0x00000000e7e00000| Untracked 
| 127|0x00000000e7f00000, 0x00000000e7f00000, 0x00000000e8000000|  0%| F|  |TAMS 0x00000000e7f00000| PB 0x00000000e7f00000| Untracked 
| 128|0x00000000e8000000, 0x00000000e8000000, 0x00000000e8100000|  0%| F|  |TAMS 0x00000000e8000000| PB 0x00000000e8000000| Untracked 
| 129|0x00000000e8100000, 0x00000000e8100000, 0x00000000e8200000|  0%| F|  |TAMS 0x00000000e8100000| PB 0x00000000e8100000| Untracked 
| 130|0x00000000e8200000, 0x00000000e8200000, 0x00000000e8300000|  0%| F|  |TAMS 0x00000000e8200000| PB 0x00000000e8200000| Untracked 
| 131|0x00000000e8300000, 0x00000000e8300000, 0x00000000e8400000|  0%| F|  |TAMS 0x00000000e8300000| PB 0x00000000e8300000| Untracked 
| 132|0x00000000e8400000, 0x00000000e8400000, 0x00000000e8500000|  0%| F|  |TAMS 0x00000000e8400000| PB 0x00000000e8400000| Untracked 
| 133|0x00000000e8500000, 0x00000000e8500000, 0x00000000e8600000|  0%| F|  |TAMS 0x00000000e8500000| PB 0x00000000e8500000| Untracked 
| 134|0x00000000e8600000, 0x00000000e8600000, 0x00000000e8700000|  0%| F|  |TAMS 0x00000000e8600000| PB 0x00000000e8600000| Untracked 
| 135|0x00000000e8700000, 0x00000000e8700000, 0x00000000e8800000|  0%| F|  |TAMS 0x00000000e8700000| PB 0x00000000e8700000| Untracked 
| 136|0x00000000e8800000, 0x00000000e8800000, 0x00000000e8900000|  0%| F|  |TAMS 0x00000000e8800000| PB 0x00000000e8800000| Untracked 
| 137|0x00000000e8900000, 0x00000000e8900000, 0x00000000e8a00000|  0%| F|  |TAMS 0x00000000e8900000| PB 0x00000000e8900000| Untracked 
| 138|0x00000000e8a00000, 0x00000000e8a00000, 0x00000000e8b00000|  0%| F|  |TAMS 0x00000000e8a00000| PB 0x00000000e8a00000| Untracked 
| 139|0x00000000e8b00000, 0x00000000e8b00000, 0x00000000e8c00000|  0%| F|  |TAMS 0x00000000e8b00000| PB 0x00000000e8b00000| Untracked 
| 140|0x00000000e8c00000, 0x00000000e8c00000, 0x00000000e8d00000|  0%| F|  |TAMS 0x00000000e8c00000| PB 0x00000000e8c00000| Untracked 
| 141|0x00000000e8d00000, 0x00000000e8d00000, 0x00000000e8e00000|  0%| F|  |TAMS 0x00000000e8d00000| PB 0x00000000e8d00000| Untracked 
| 142|0x00000000e8e00000, 0x00000000e8e00000, 0x00000000e8f00000|  0%| F|  |TAMS 0x00000000e8e00000| PB 0x00000000e8e00000| Untracked 
| 143|0x00000000e8f00000, 0x00000000e8f00000, 0x00000000e9000000|  0%| F|  |TAMS 0x00000000e8f00000| PB 0x00000000e8f00000| Untracked 
| 144|0x00000000e9000000, 0x00000000e9000000, 0x00000000e9100000|  0%| F|  |TAMS 0x00000000e9000000| PB 0x00000000e9000000| Untracked 
| 145|0x00000000e9100000, 0x00000000e9100000, 0x00000000e9200000|  0%| F|  |TAMS 0x00000000e9100000| PB 0x00000000e9100000| Untracked 
| 146|0x00000000e9200000, 0x00000000e9200000, 0x00000000e9300000|  0%| F|  |TAMS 0x00000000e9200000| PB 0x00000000e9200000| Untracked 
| 147|0x00000000e9300000, 0x00000000e9300000, 0x00000000e9400000|  0%| F|  |TAMS 0x00000000e9300000| PB 0x00000000e9300000| Untracked 
| 148|0x00000000e9400000, 0x00000000e9400000, 0x00000000e9500000|  0%| F|  |TAMS 0x00000000e9400000| PB 0x00000000e9400000| Untracked 
| 149|0x00000000e9500000, 0x00000000e9500000, 0x00000000e9600000|  0%| F|  |TAMS 0x00000000e9500000| PB 0x00000000e9500000| Untracked 
| 150|0x00000000e9600000, 0x00000000e9600000, 0x00000000e9700000|  0%| F|  |TAMS 0x00000000e9600000| PB 0x00000000e9600000| Untracked 
| 151|0x00000000e9700000, 0x00000000e9700000, 0x00000000e9800000|  0%| F|  |TAMS 0x00000000e9700000| PB 0x00000000e9700000| Untracked 
| 152|0x00000000e9800000, 0x00000000e9800000, 0x00000000e9900000|  0%| F|  |TAMS 0x00000000e9800000| PB 0x00000000e9800000| Untracked 
| 153|0x00000000e9900000, 0x00000000e9900000, 0x00000000e9a00000|  0%| F|  |TAMS 0x00000000e9900000| PB 0x00000000e9900000| Untracked 
| 154|0x00000000e9a00000, 0x00000000e9a00000, 0x00000000e9b00000|  0%| F|  |TAMS 0x00000000e9a00000| PB 0x00000000e9a00000| Untracked 
| 155|0x00000000e9b00000, 0x00000000e9b00000, 0x00000000e9c00000|  0%| F|  |TAMS 0x00000000e9b00000| PB 0x00000000e9b00000| Untracked 
| 156|0x00000000e9c00000, 0x00000000e9c00000, 0x00000000e9d00000|  0%| F|  |TAMS 0x00000000e9c00000| PB 0x00000000e9c00000| Untracked 
| 157|0x00000000e9d00000, 0x00000000e9d00000, 0x00000000e9e00000|  0%| F|  |TAMS 0x00000000e9d00000| PB 0x00000000e9d00000| Untracked 
| 158|0x00000000e9e00000, 0x00000000e9e00000, 0x00000000e9f00000|  0%| F|  |TAMS 0x00000000e9e00000| PB 0x00000000e9e00000| Untracked 
| 159|0x00000000e9f00000, 0x00000000e9f00000, 0x00000000ea000000|  0%| F|  |TAMS 0x00000000e9f00000| PB 0x00000000e9f00000| Untracked 
| 160|0x00000000ea000000, 0x00000000ea000000, 0x00000000ea100000|  0%| F|  |TAMS 0x00000000ea000000| PB 0x00000000ea000000| Untracked 
| 161|0x00000000ea100000, 0x00000000ea100000, 0x00000000ea200000|  0%| F|  |TAMS 0x00000000ea100000| PB 0x00000000ea100000| Untracked 
| 162|0x00000000ea200000, 0x00000000ea200000, 0x00000000ea300000|  0%| F|  |TAMS 0x00000000ea200000| PB 0x00000000ea200000| Untracked 
| 163|0x00000000ea300000, 0x00000000ea300000, 0x00000000ea400000|  0%| F|  |TAMS 0x00000000ea300000| PB 0x00000000ea300000| Untracked 
| 164|0x00000000ea400000, 0x00000000ea400000, 0x00000000ea500000|  0%| F|  |TAMS 0x00000000ea400000| PB 0x00000000ea400000| Untracked 
| 165|0x00000000ea500000, 0x00000000ea500000, 0x00000000ea600000|  0%| F|  |TAMS 0x00000000ea500000| PB 0x00000000ea500000| Untracked 
| 166|0x00000000ea600000, 0x00000000ea600000, 0x00000000ea700000|  0%| F|  |TAMS 0x00000000ea600000| PB 0x00000000ea600000| Untracked 
| 167|0x00000000ea700000, 0x00000000ea700000, 0x00000000ea800000|  0%| F|  |TAMS 0x00000000ea700000| PB 0x00000000ea700000| Untracked 
| 168|0x00000000ea800000, 0x00000000ea800000, 0x00000000ea900000|  0%| F|  |TAMS 0x00000000ea800000| PB 0x00000000ea800000| Untracked 
| 169|0x00000000ea900000, 0x00000000ea900000, 0x00000000eaa00000|  0%| F|  |TAMS 0x00000000ea900000| PB 0x00000000ea900000| Untracked 
| 170|0x00000000eaa00000, 0x00000000eaa00000, 0x00000000eab00000|  0%| F|  |TAMS 0x00000000eaa00000| PB 0x00000000eaa00000| Untracked 
| 171|0x00000000eab00000, 0x00000000eab00000, 0x00000000eac00000|  0%| F|  |TAMS 0x00000000eab00000| PB 0x00000000eab00000| Untracked 
| 172|0x00000000eac00000, 0x00000000eac00000, 0x00000000ead00000|  0%| F|  |TAMS 0x00000000eac00000| PB 0x00000000eac00000| Untracked 
| 173|0x00000000ead00000, 0x00000000ead00000, 0x00000000eae00000|  0%| F|  |TAMS 0x00000000ead00000| PB 0x00000000ead00000| Untracked 
| 174|0x00000000eae00000, 0x00000000eae00000, 0x00000000eaf00000|  0%| F|  |TAMS 0x00000000eae00000| PB 0x00000000eae00000| Untracked 
| 175|0x00000000eaf00000, 0x00000000eaf00000, 0x00000000eb000000|  0%| F|  |TAMS 0x00000000eaf00000| PB 0x00000000eaf00000| Untracked 
| 176|0x00000000eb000000, 0x00000000eb000000, 0x00000000eb100000|  0%| F|  |TAMS 0x00000000eb000000| PB 0x00000000eb000000| Untracked 
| 177|0x00000000eb100000, 0x00000000eb100000, 0x00000000eb200000|  0%| F|  |TAMS 0x00000000eb100000| PB 0x00000000eb100000| Untracked 
| 178|0x00000000eb200000, 0x00000000eb200000, 0x00000000eb300000|  0%| F|  |TAMS 0x00000000eb200000| PB 0x00000000eb200000| Untracked 
| 179|0x00000000eb300000, 0x00000000eb300000, 0x00000000eb400000|  0%| F|  |TAMS 0x00000000eb300000| PB 0x00000000eb300000| Untracked 
| 180|0x00000000eb400000, 0x00000000eb400000, 0x00000000eb500000|  0%| F|  |TAMS 0x00000000eb400000| PB 0x00000000eb400000| Untracked 
| 181|0x00000000eb500000, 0x00000000eb500000, 0x00000000eb600000|  0%| F|  |TAMS 0x00000000eb500000| PB 0x00000000eb500000| Untracked 
| 182|0x00000000eb600000, 0x00000000eb600000, 0x00000000eb700000|  0%| F|  |TAMS 0x00000000eb600000| PB 0x00000000eb600000| Untracked 
| 183|0x00000000eb700000, 0x00000000eb700000, 0x00000000eb800000|  0%| F|  |TAMS 0x00000000eb700000| PB 0x00000000eb700000| Untracked 
| 184|0x00000000eb800000, 0x00000000eb800000, 0x00000000eb900000|  0%| F|  |TAMS 0x00000000eb800000| PB 0x00000000eb800000| Untracked 
| 185|0x00000000eb900000, 0x00000000eb900000, 0x00000000eba00000|  0%| F|  |TAMS 0x00000000eb900000| PB 0x00000000eb900000| Untracked 
| 186|0x00000000eba00000, 0x00000000eba00000, 0x00000000ebb00000|  0%| F|  |TAMS 0x00000000eba00000| PB 0x00000000eba00000| Untracked 
| 187|0x00000000ebb00000, 0x00000000ebb00000, 0x00000000ebc00000|  0%| F|  |TAMS 0x00000000ebb00000| PB 0x00000000ebb00000| Untracked 
| 188|0x00000000ebc00000, 0x00000000ebc00000, 0x00000000ebd00000|  0%| F|  |TAMS 0x00000000ebc00000| PB 0x00000000ebc00000| Untracked 
| 189|0x00000000ebd00000, 0x00000000ebd00000, 0x00000000ebe00000|  0%| F|  |TAMS 0x00000000ebd00000| PB 0x00000000ebd00000| Untracked 
| 190|0x00000000ebe00000, 0x00000000ebe00000, 0x00000000ebf00000|  0%| F|  |TAMS 0x00000000ebe00000| PB 0x00000000ebe00000| Untracked 
| 191|0x00000000ebf00000, 0x00000000ebf00000, 0x00000000ec000000|  0%| F|  |TAMS 0x00000000ebf00000| PB 0x00000000ebf00000| Untracked 
| 192|0x00000000ec000000, 0x00000000ec000000, 0x00000000ec100000|  0%| F|  |TAMS 0x00000000ec000000| PB 0x00000000ec000000| Untracked 
| 193|0x00000000ec100000, 0x00000000ec100000, 0x00000000ec200000|  0%| F|  |TAMS 0x00000000ec100000| PB 0x00000000ec100000| Untracked 
| 194|0x00000000ec200000, 0x00000000ec300000, 0x00000000ec300000|100%| E|  |TAMS 0x00000000ec200000| PB 0x00000000ec200000| Complete 
| 195|0x00000000ec300000, 0x00000000ec400000, 0x00000000ec400000|100%| E|CS|TAMS 0x00000000ec300000| PB 0x00000000ec300000| Complete 
| 196|0x00000000ec400000, 0x00000000ec500000, 0x00000000ec500000|100%| E|CS|TAMS 0x00000000ec400000| PB 0x00000000ec400000| Complete 
| 197|0x00000000ec500000, 0x00000000ec5967a0, 0x00000000ec600000| 58%| S|CS|TAMS 0x00000000ec500000| PB 0x00000000ec500000| Complete 
| 198|0x00000000ec600000, 0x00000000ec700000, 0x00000000ec700000|100%| S|CS|TAMS 0x00000000ec600000| PB 0x00000000ec600000| Complete 
| 199|0x00000000ec700000, 0x00000000ec800000, 0x00000000ec800000|100%| S|CS|TAMS 0x00000000ec700000| PB 0x00000000ec700000| Complete 
| 200|0x00000000ec800000, 0x00000000ec900000, 0x00000000ec900000|100%| S|CS|TAMS 0x00000000ec800000| PB 0x00000000ec800000| Complete 
| 201|0x00000000ec900000, 0x00000000eca00000, 0x00000000eca00000|100%| S|CS|TAMS 0x00000000ec900000| PB 0x00000000ec900000| Complete 
| 202|0x00000000eca00000, 0x00000000ecb00000, 0x00000000ecb00000|100%| E|CS|TAMS 0x00000000eca00000| PB 0x00000000eca00000| Complete 
| 203|0x00000000ecb00000, 0x00000000ecc00000, 0x00000000ecc00000|100%| E|CS|TAMS 0x00000000ecb00000| PB 0x00000000ecb00000| Complete 
| 204|0x00000000ecc00000, 0x00000000ecd00000, 0x00000000ecd00000|100%| E|CS|TAMS 0x00000000ecc00000| PB 0x00000000ecc00000| Complete 
| 205|0x00000000ecd00000, 0x00000000ece00000, 0x00000000ece00000|100%| E|CS|TAMS 0x00000000ecd00000| PB 0x00000000ecd00000| Complete 
| 206|0x00000000ece00000, 0x00000000ecf00000, 0x00000000ecf00000|100%| E|CS|TAMS 0x00000000ece00000| PB 0x00000000ece00000| Complete 
| 207|0x00000000ecf00000, 0x00000000ed000000, 0x00000000ed000000|100%| E|CS|TAMS 0x00000000ecf00000| PB 0x00000000ecf00000| Complete 
| 208|0x00000000ed000000, 0x00000000ed100000, 0x00000000ed100000|100%| E|CS|TAMS 0x00000000ed000000| PB 0x00000000ed000000| Complete 
| 209|0x00000000ed100000, 0x00000000ed200000, 0x00000000ed200000|100%| E|CS|TAMS 0x00000000ed100000| PB 0x00000000ed100000| Complete 
| 210|0x00000000ed200000, 0x00000000ed300000, 0x00000000ed300000|100%| E|CS|TAMS 0x00000000ed200000| PB 0x00000000ed200000| Complete 
| 211|0x00000000ed300000, 0x00000000ed400000, 0x00000000ed400000|100%| E|CS|TAMS 0x00000000ed300000| PB 0x00000000ed300000| Complete 
| 212|0x00000000ed400000, 0x00000000ed500000, 0x00000000ed500000|100%| E|CS|TAMS 0x00000000ed400000| PB 0x00000000ed400000| Complete 
| 213|0x00000000ed500000, 0x00000000ed600000, 0x00000000ed600000|100%| E|CS|TAMS 0x00000000ed500000| PB 0x00000000ed500000| Complete 
| 214|0x00000000ed600000, 0x00000000ed700000, 0x00000000ed700000|100%| E|CS|TAMS 0x00000000ed600000| PB 0x00000000ed600000| Complete 
| 215|0x00000000ed700000, 0x00000000ed800000, 0x00000000ed800000|100%| E|CS|TAMS 0x00000000ed700000| PB 0x00000000ed700000| Complete 
| 216|0x00000000ed800000, 0x00000000ed900000, 0x00000000ed900000|100%| E|CS|TAMS 0x00000000ed800000| PB 0x00000000ed800000| Complete 
| 217|0x00000000ed900000, 0x00000000eda00000, 0x00000000eda00000|100%| E|CS|TAMS 0x00000000ed900000| PB 0x00000000ed900000| Complete 
| 218|0x00000000eda00000, 0x00000000edb00000, 0x00000000edb00000|100%| E|CS|TAMS 0x00000000eda00000| PB 0x00000000eda00000| Complete 
| 219|0x00000000edb00000, 0x00000000edc00000, 0x00000000edc00000|100%| E|CS|TAMS 0x00000000edb00000| PB 0x00000000edb00000| Complete 
| 220|0x00000000edc00000, 0x00000000edd00000, 0x00000000edd00000|100%| E|CS|TAMS 0x00000000edc00000| PB 0x00000000edc00000| Complete 
| 221|0x00000000edd00000, 0x00000000ede00000, 0x00000000ede00000|100%| E|CS|TAMS 0x00000000edd00000| PB 0x00000000edd00000| Complete 
| 222|0x00000000ede00000, 0x00000000edf00000, 0x00000000edf00000|100%| E|CS|TAMS 0x00000000ede00000| PB 0x00000000ede00000| Complete 
| 223|0x00000000edf00000, 0x00000000ee000000, 0x00000000ee000000|100%| E|CS|TAMS 0x00000000edf00000| PB 0x00000000edf00000| Complete 
| 224|0x00000000ee000000, 0x00000000ee100000, 0x00000000ee100000|100%| E|CS|TAMS 0x00000000ee000000| PB 0x00000000ee000000| Complete 
| 225|0x00000000ee100000, 0x00000000ee200000, 0x00000000ee200000|100%| E|CS|TAMS 0x00000000ee100000| PB 0x00000000ee100000| Complete 
| 226|0x00000000ee200000, 0x00000000ee300000, 0x00000000ee300000|100%| E|CS|TAMS 0x00000000ee200000| PB 0x00000000ee200000| Complete 
| 227|0x00000000ee300000, 0x00000000ee400000, 0x00000000ee400000|100%| E|CS|TAMS 0x00000000ee300000| PB 0x00000000ee300000| Complete 
| 228|0x00000000ee400000, 0x00000000ee500000, 0x00000000ee500000|100%| E|CS|TAMS 0x00000000ee400000| PB 0x00000000ee400000| Complete 
| 229|0x00000000ee500000, 0x00000000ee600000, 0x00000000ee600000|100%| E|CS|TAMS 0x00000000ee500000| PB 0x00000000ee500000| Complete 
| 230|0x00000000ee600000, 0x00000000ee700000, 0x00000000ee700000|100%| E|CS|TAMS 0x00000000ee600000| PB 0x00000000ee600000| Complete 
| 231|0x00000000ee700000, 0x00000000ee800000, 0x00000000ee800000|100%| E|CS|TAMS 0x00000000ee700000| PB 0x00000000ee700000| Complete 
| 232|0x00000000ee800000, 0x00000000ee900000, 0x00000000ee900000|100%| E|CS|TAMS 0x00000000ee800000| PB 0x00000000ee800000| Complete 
| 233|0x00000000ee900000, 0x00000000eea00000, 0x00000000eea00000|100%| E|CS|TAMS 0x00000000ee900000| PB 0x00000000ee900000| Complete 
| 234|0x00000000eea00000, 0x00000000eeb00000, 0x00000000eeb00000|100%| E|CS|TAMS 0x00000000eea00000| PB 0x00000000eea00000| Complete 
| 235|0x00000000eeb00000, 0x00000000eec00000, 0x00000000eec00000|100%| E|CS|TAMS 0x00000000eeb00000| PB 0x00000000eeb00000| Complete 
| 236|0x00000000eec00000, 0x00000000eed00000, 0x00000000eed00000|100%| E|CS|TAMS 0x00000000eec00000| PB 0x00000000eec00000| Complete 
| 237|0x00000000eed00000, 0x00000000eee00000, 0x00000000eee00000|100%| E|CS|TAMS 0x00000000eed00000| PB 0x00000000eed00000| Complete 
| 238|0x00000000eee00000, 0x00000000eef00000, 0x00000000eef00000|100%| E|CS|TAMS 0x00000000eee00000| PB 0x00000000eee00000| Complete 
| 239|0x00000000eef00000, 0x00000000ef000000, 0x00000000ef000000|100%| E|CS|TAMS 0x00000000eef00000| PB 0x00000000eef00000| Complete 
| 240|0x00000000ef000000, 0x00000000ef100000, 0x00000000ef100000|100%| E|CS|TAMS 0x00000000ef000000| PB 0x00000000ef000000| Complete 
| 241|0x00000000ef100000, 0x00000000ef200000, 0x00000000ef200000|100%| E|CS|TAMS 0x00000000ef100000| PB 0x00000000ef100000| Complete 
| 242|0x00000000ef200000, 0x00000000ef300000, 0x00000000ef300000|100%| E|CS|TAMS 0x00000000ef200000| PB 0x00000000ef200000| Complete 
| 243|0x00000000ef300000, 0x00000000ef400000, 0x00000000ef400000|100%| E|CS|TAMS 0x00000000ef300000| PB 0x00000000ef300000| Complete 
| 244|0x00000000ef400000, 0x00000000ef500000, 0x00000000ef500000|100%| E|CS|TAMS 0x00000000ef400000| PB 0x00000000ef400000| Complete 
| 245|0x00000000ef500000, 0x00000000ef600000, 0x00000000ef600000|100%| E|CS|TAMS 0x00000000ef500000| PB 0x00000000ef500000| Complete 
| 246|0x00000000ef600000, 0x00000000ef700000, 0x00000000ef700000|100%| E|CS|TAMS 0x00000000ef600000| PB 0x00000000ef600000| Complete 
| 247|0x00000000ef700000, 0x00000000ef800000, 0x00000000ef800000|100%| E|CS|TAMS 0x00000000ef700000| PB 0x00000000ef700000| Complete 
| 248|0x00000000ef800000, 0x00000000ef900000, 0x00000000ef900000|100%| E|CS|TAMS 0x00000000ef800000| PB 0x00000000ef800000| Complete 
| 249|0x00000000ef900000, 0x00000000efa00000, 0x00000000efa00000|100%| E|CS|TAMS 0x00000000ef900000| PB 0x00000000ef900000| Complete 
| 250|0x00000000efa00000, 0x00000000efb00000, 0x00000000efb00000|100%| E|CS|TAMS 0x00000000efa00000| PB 0x00000000efa00000| Complete 
| 251|0x00000000efb00000, 0x00000000efc00000, 0x00000000efc00000|100%| E|CS|TAMS 0x00000000efb00000| PB 0x00000000efb00000| Complete 
| 252|0x00000000efc00000, 0x00000000efd00000, 0x00000000efd00000|100%| E|CS|TAMS 0x00000000efc00000| PB 0x00000000efc00000| Complete 
| 253|0x00000000efd00000, 0x00000000efe00000, 0x00000000efe00000|100%| E|CS|TAMS 0x00000000efd00000| PB 0x00000000efd00000| Complete 
| 254|0x00000000efe00000, 0x00000000eff00000, 0x00000000eff00000|100%| E|CS|TAMS 0x00000000efe00000| PB 0x00000000efe00000| Complete 
| 255|0x00000000eff00000, 0x00000000f0000000, 0x00000000f0000000|100%| E|CS|TAMS 0x00000000eff00000| PB 0x00000000eff00000| Complete 

Card table byte_map: [0x000002029fcf0000,0x000002029fdf0000] _byte_map_base: 0x000002029f5f0000

Marking Bits: (CMBitMap*) 0x0000020288222fb0
 Bits: [0x000002029fdf0000, 0x00000202a05f0000)

Polling page: 0x00000202861f0000

Metaspace:

Usage:
  Non-class:     13.89 MB used.
      Class:      2.19 MB used.
       Both:     16.08 MB used.

Virtual space:
  Non-class space:       64.00 MB reserved,      14.12 MB ( 22%) committed,  1 nodes.
      Class space:      320.00 MB reserved,       2.44 MB ( <1%) committed,  1 nodes.
             Both:      384.00 MB reserved,      16.56 MB (  4%) committed. 

Chunk freelists:
   Non-Class:  1.81 MB
       Class:  13.60 MB
        Both:  15.41 MB

MaxMetaspaceSize: 384.00 MB
CompressedClassSpaceSize: 320.00 MB
Initial GC threshold: 21.00 MB
Current GC threshold: 21.00 MB
CDS: on
 - commit_granule_bytes: 65536.
 - commit_granule_words: 8192.
 - virtual_space_node_default_size: 8388608.
 - enlarge_chunks_in_place: 1.
 - use_allocation_guard: 0.


Internal statistics:

num_allocs_failed_limit: 0.
num_arena_births: 588.
num_arena_deaths: 0.
num_vsnodes_births: 2.
num_vsnodes_deaths: 0.
num_space_committed: 265.
num_space_uncommitted: 0.
num_chunks_returned_to_freelist: 0.
num_chunks_taken_from_freelist: 1167.
num_chunk_merges: 0.
num_chunk_splits: 745.
num_chunks_enlarged: 523.
num_inconsistent_stats: 0.

CodeHeap 'non-profiled nmethods': size=120000Kb used=1360Kb max_used=1360Kb free=118639Kb
 bounds [0x0000020298160000, 0x00000202983d0000, 0x000002029f690000]
CodeHeap 'profiled nmethods': size=120000Kb used=5622Kb max_used=5622Kb free=114377Kb
 bounds [0x0000020290690000, 0x0000020290c10000, 0x0000020297bc0000]
CodeHeap 'non-nmethods': size=5760Kb used=1640Kb max_used=1662Kb free=4119Kb
 bounds [0x0000020297bc0000, 0x0000020297e30000, 0x0000020298160000]
 total_blobs=3338 nmethods=2782 adapters=460
 compilation: enabled
              stopped_count=0, restarted_count=0
 full_count=0

Compilation events (20 events):
Event: 2.552 Thread 0x00000202a33e94e0 2774       1       java.lang.reflect.Constructor::getConstructorAccessor (5 bytes)
Event: 2.552 Thread 0x00000202a33e94e0 nmethod 2774 0x00000202982b3210 code [0x00000202982b33a0, 0x00000202982b3468]
Event: 2.555 Thread 0x00000202a33e94e0 2775       3       java.lang.invoke.MemberName::getFactory (4 bytes)
Event: 2.555 Thread 0x00000202a33e94e0 nmethod 2775 0x0000020290c08590 code [0x0000020290c08720, 0x0000020290c08818]
Event: 2.575 Thread 0x00000202a33e94e0 2777       3       java.lang.invoke.VarHandleReferences$FieldInstanceReadWrite::compareAndSet (48 bytes)
Event: 2.576 Thread 0x00000202a33e94e0 nmethod 2777 0x0000020290c08890 code [0x0000020290c08b00, 0x0000020290c09508]
Event: 2.589 Thread 0x00000202a33e94e0 2779       1       java.util.concurrent.atomic.AtomicInteger::get (5 bytes)
Event: 2.589 Thread 0x00000202a33e94e0 nmethod 2779 0x00000202982b3f10 code [0x00000202982b40a0, 0x00000202982b4168]
Event: 2.590 Thread 0x00000202a33e94e0 2780       3       org.gradle.internal.service.DefaultServiceRegistry$ManagedObjectServiceProvider::requiredBy (20 bytes)
Event: 2.590 Thread 0x00000202a33e94e0 nmethod 2780 0x0000020290c09890 code [0x0000020290c09a60, 0x0000020290c09f50]
Event: 2.590 Thread 0x00000202a33e94e0 2781       3       org.gradle.internal.service.DefaultServiceRegistry$ManagedObjectServiceProvider::fromSameRegistry (27 bytes)
Event: 2.590 Thread 0x00000202a33e94e0 nmethod 2781 0x0000020290c0a090 code [0x0000020290c0a240, 0x0000020290c0a5d0]
Event: 2.592 Thread 0x00000202a33e94e0 2782   !   3       sun.reflect.annotation.AnnotationParser::parseClassValue (56 bytes)
Event: 2.592 Thread 0x00000202a33e94e0 nmethod 2782 0x0000020290c0a690 code [0x0000020290c0a8c0, 0x0000020290c0aea0]
Event: 2.592 Thread 0x00000202a33e94e0 2783       3       java.lang.reflect.Constructor::getParameterCount (6 bytes)
Event: 2.593 Thread 0x00000202a33e94e0 nmethod 2783 0x0000020290c0b190 code [0x0000020290c0b320, 0x0000020290c0b438]
Event: 2.593 Thread 0x00000202a33e94e0 2784       3       java.lang.reflect.Constructor::setConstructorAccessor (20 bytes)
Event: 2.593 Thread 0x00000202a33e94e0 nmethod 2784 0x0000020290c0b510 code [0x0000020290c0b6e0, 0x0000020290c0b9b0]
Event: 2.596 Thread 0x00000202a33e94e0 2785       3       java.lang.invoke.InvokerBytecodeGenerator::<init> (129 bytes)
Event: 2.597 Thread 0x00000202a33e94e0 nmethod 2785 0x0000020290c0ba90 code [0x0000020290c0bd80, 0x0000020290c0cd60]

GC Heap History (6 events):
Event: 0.285 GC heap before
{Heap before GC invocations=0 (full 0):
 garbage-first heap   total 262144K, used 23552K [0x00000000e0000000, 0x0000000100000000)
  region size 1024K, 23 young (23552K), 0 survivors (0K)
 Metaspace       used 917K, committed 1024K, reserved 393216K
  class space    used 69K, committed 128K, reserved 327680K
}
Event: 0.287 GC heap after
{Heap after GC invocations=1 (full 0):
 garbage-first heap   total 262144K, used 1610K [0x00000000e0000000, 0x0000000100000000)
  region size 1024K, 2 young (2048K), 2 survivors (2048K)
 Metaspace       used 917K, committed 1024K, reserved 393216K
  class space    used 69K, committed 128K, reserved 327680K
}
Event: 0.946 GC heap before
{Heap before GC invocations=1 (full 0):
 garbage-first heap   total 262144K, used 40522K [0x00000000e0000000, 0x0000000100000000)
  region size 1024K, 38 young (38912K), 2 survivors (2048K)
 Metaspace       used 4380K, committed 4544K, reserved 393216K
  class space    used 540K, committed 640K, reserved 327680K
}
Event: 0.956 GC heap after
{Heap after GC invocations=2 (full 0):
 garbage-first heap   total 262144K, used 10893K [0x00000000e0000000, 0x0000000100000000)
  region size 1024K, 5 young (5120K), 5 survivors (5120K)
 Metaspace       used 4380K, committed 4544K, reserved 393216K
  class space    used 540K, committed 640K, reserved 327680K
}
Event: 1.382 GC heap before
{Heap before GC invocations=2 (full 0):
 garbage-first heap   total 262144K, used 63117K [0x00000000e0000000, 0x0000000100000000)
  region size 1024K, 54 young (55296K), 5 survivors (5120K)
 Metaspace       used 5194K, committed 5440K, reserved 393216K
  class space    used 680K, committed 768K, reserved 327680K
}
Event: 1.388 GC heap after
{Heap after GC invocations=3 (full 0):
 garbage-first heap   total 262144K, used 16980K [0x00000000e0000000, 0x0000000100000000)
  region size 1024K, 5 young (5120K), 5 survivors (5120K)
 Metaspace       used 5194K, committed 5440K, reserved 393216K
  class space    used 680K, committed 768K, reserved 327680K
}

Dll operation events (15 events):
Event: 0.007 Loaded shared library C:\Program Files\Java\jdk-21\bin\java.dll
Event: 0.034 Loaded shared library C:\Program Files\Java\jdk-21\bin\jsvml.dll
Event: 0.060 Loaded shared library C:\Program Files\Java\jdk-21\bin\zip.dll
Event: 0.062 Loaded shared library C:\Program Files\Java\jdk-21\bin\instrument.dll
Event: 0.066 Loaded shared library C:\Program Files\Java\jdk-21\bin\net.dll
Event: 0.067 Loaded shared library C:\Program Files\Java\jdk-21\bin\nio.dll
Event: 0.069 Loaded shared library C:\Program Files\Java\jdk-21\bin\zip.dll
Event: 0.272 Loaded shared library C:\Program Files\Java\jdk-21\bin\jimage.dll
Event: 0.389 Loaded shared library C:\Program Files\Java\jdk-21\bin\verify.dll
Event: 0.490 Loaded shared library C:\Users\ADMINIS\.gradle\native\1def1411415f61bf3af743bc5b6707747c0891f09f0c88961ee8f79bc544acac\windows-amd64\native-platform.dll
Event: 0.501 Loaded shared library C:\Users\ADMINIS\.gradle\native\0.2.7\x86_64-windows-gnu\gradle-fileevents.dll
Event: 1.547 Loaded shared library C:\Program Files\Java\jdk-21\bin\management.dll
Event: 1.553 Loaded shared library C:\Program Files\Java\jdk-21\bin\management_ext.dll
Event: 1.727 Loaded shared library C:\Program Files\Java\jdk-21\bin\extnet.dll
Event: 1.921 Loaded shared library C:\Program Files\Java\jdk-21\bin\sunmscapi.dll

Deoptimization events (20 events):
Event: 2.437 Thread 0x00000202be30acd0 DEOPT PACKING pc=0x000002029827fbac sp=0x0000006567efb120
Event: 2.437 Thread 0x00000202be30acd0 DEOPT UNPACKING pc=0x0000020297c17da2 sp=0x0000006567efb028 mode 2
Event: 2.463 Thread 0x00000202be30acd0 Uncommon trap: trap_request=0xffffff45 fr.pc=0x00000202981872b8 relative=0x0000000000000e38
Event: 2.463 Thread 0x00000202be30acd0 Uncommon trap: reason=unstable_if action=reinterpret pc=0x00000202981872b8 method=java.io.WinNTFileSystem.resolve(Ljava/lang/String;Ljava/lang/String;)Ljava/lang/String; @ 19 c2
Event: 2.463 Thread 0x00000202be30acd0 DEOPT PACKING pc=0x00000202981872b8 sp=0x0000006567efb440
Event: 2.463 Thread 0x00000202be30acd0 DEOPT UNPACKING pc=0x0000020297c17da2 sp=0x0000006567efb3d8 mode 2
Event: 2.465 Thread 0x00000202be30acd0 Uncommon trap: trap_request=0xffffff45 fr.pc=0x00000202981fcd74 relative=0x0000000000000694
Event: 2.465 Thread 0x00000202be30acd0 Uncommon trap: reason=unstable_if action=reinterpret pc=0x00000202981fcd74 method=java.io.File.getName()Ljava/lang/String; @ 16 c2
Event: 2.465 Thread 0x00000202be30acd0 DEOPT PACKING pc=0x00000202981fcd74 sp=0x0000006567efb400
Event: 2.465 Thread 0x00000202be30acd0 DEOPT UNPACKING pc=0x0000020297c17da2 sp=0x0000006567efb3d0 mode 2
Event: 2.529 Thread 0x00000202be30acd0 Uncommon trap: trap_request=0xffffff45 fr.pc=0x000002029818b814 relative=0x00000000000000f4
Event: 2.529 Thread 0x00000202be30acd0 Uncommon trap: reason=unstable_if action=reinterpret pc=0x000002029818b814 method=java.util.HashMap.hash(Ljava/lang/Object;)I @ 1 c2
Event: 2.529 Thread 0x00000202be30acd0 DEOPT PACKING pc=0x000002029818b814 sp=0x0000006567efc500
Event: 2.529 Thread 0x00000202be30acd0 DEOPT UNPACKING pc=0x0000020297c17da2 sp=0x0000006567efc440 mode 2
Event: 2.544 Thread 0x00000202be30acd0 DEOPT PACKING pc=0x0000020290bae641 sp=0x0000006567efb190
Event: 2.544 Thread 0x00000202be30acd0 DEOPT UNPACKING pc=0x0000020297c188e2 sp=0x0000006567efa6a0 mode 0
Event: 2.591 Thread 0x00000202be30acd0 Uncommon trap: trap_request=0xffffff45 fr.pc=0x00000202982b1fd4 relative=0x0000000000000594
Event: 2.591 Thread 0x00000202be30acd0 Uncommon trap: reason=unstable_if action=reinterpret pc=0x00000202982b1fd4 method=java.util.ArrayList.grow(I)[Ljava/lang/Object; @ 17 c2
Event: 2.591 Thread 0x00000202be30acd0 DEOPT PACKING pc=0x00000202982b1fd4 sp=0x0000006567efd470
Event: 2.591 Thread 0x00000202be30acd0 DEOPT UNPACKING pc=0x0000020297c17da2 sp=0x0000006567efd428 mode 2

Classes loaded (20 events):
Event: 2.386 Loading class sun/nio/ch/DatagramChannelImpl$DatagramPackets
Event: 2.386 Loading class sun/nio/ch/DatagramChannelImpl$DatagramPackets done
Event: 2.435 Loading class sun/security/provider/MD5
Event: 2.435 Loading class sun/security/provider/MD5 done
Event: 2.436 Loading class sun/security/provider/SHA5$SHA512
Event: 2.436 Loading class sun/security/provider/SHA5
Event: 2.436 Loading class sun/security/provider/SHA5 done
Event: 2.436 Loading class sun/security/provider/SHA5$SHA512 done
Event: 2.437 Loading class sun/security/provider/ByteArrayAccess$LE
Event: 2.437 Loading class sun/security/provider/ByteArrayAccess$LE done
Event: 2.464 Loading class java/io/File$TempDirectory
Event: 2.464 Loading class java/io/File$TempDirectory done
Event: 2.498 Loading class java/util/concurrent/Semaphore
Event: 2.499 Loading class java/util/concurrent/Semaphore done
Event: 2.502 Loading class java/nio/file/FileVisitOption
Event: 2.502 Loading class java/nio/file/FileVisitOption done
Event: 2.505 Loading class java/util/stream/ReduceOps$1
Event: 2.506 Loading class java/util/stream/ReduceOps$1 done
Event: 2.506 Loading class java/util/stream/ReduceOps$1ReducingSink
Event: 2.506 Loading class java/util/stream/ReduceOps$1ReducingSink done

Classes unloaded (0 events):
No events

Classes redefined (0 events):
No events

Internal exceptions (20 events):
Event: 2.060 Thread 0x00000202be30acd0 Exception <a 'java/lang/NoSuchMethodError'{0x00000000ee5c8180}: 'long java.lang.invoke.DirectMethodHandle$Holder.invokeInterface(java.lang.Object, java.lang.Object)'> (0x00000000ee5c8180) 
thrown [s\open\src\hotspot\share\interpreter\linkResolver.cpp, line 773]
Event: 2.113 Thread 0x00000202be30acd0 Exception <a 'java/lang/NoSuchMethodError'{0x00000000ee1f3ec8}: 'void java.lang.invoke.DirectMethodHandle$Holder.invokeStatic(java.lang.Object, java.lang.Object)'> (0x00000000ee1f3ec8) 
thrown [s\open\src\hotspot\share\interpreter\linkResolver.cpp, line 773]
Event: 2.117 Thread 0x00000202be30acd0 Exception <a 'java/lang/NoSuchMethodError'{0x00000000ee038f60}: 'java.lang.Object java.lang.invoke.DirectMethodHandle$Holder.invokeVirtual(java.lang.Object, java.lang.Object, java.lang.Object, java.lang.Object, java.lang.Object, java.lang.Object, java.lang.Object, java.lang.Object, java.lang.Object, java.lang.Object, java.lang.Object, java.lang.Object)'> (0x00000000ee038f60) 
thrown [s\open\src\hotspot\share\interpreter\linkResolver.cpp, line 773]
Event: 2.118 Thread 0x00000202be30acd0 Exception <a 'java/lang/NoSuchMethodError'{0x00000000ee03dee8}: 'java.lang.Object java.lang.invoke.DirectMethodHandle$Holder.invokeSpecial(java.lang.Object, java.lang.Object, java.lang.Object, java.lang.Object, java.lang.Object, java.lang.Object, java.lang.Object, java.lang.Object, java.lang.Object, java.lang.Object, java.lang.Object, java.lang.Object, java.lang.Object)'> (0x00000000ee03dee8) 
thrown [s\open\src\hotspot\share\interpreter\linkResolver.cpp, line 773]
Event: 2.149 Thread 0x00000202be30acd0 Exception <a 'java/lang/NoSuchMethodError'{0x00000000ede4ac80}: 'int java.lang.invoke.DirectMethodHandle$Holder.invokeVirtual(java.lang.Object, java.lang.Object, java.lang.Object)'> (0x00000000ede4ac80) 
thrown [s\open\src\hotspot\share\interpreter\linkResolver.cpp, line 773]
Event: 2.181 Thread 0x00000202be30acd0 Exception <a 'java/lang/NoSuchMethodError'{0x00000000edcbe660}: 'java.lang.Object java.lang.invoke.DirectMethodHandle$Holder.newInvokeSpecial(java.lang.Object, java.lang.Object, java.lang.Object, java.lang.Object, java.lang.Object, java.lang.Object)'> (0x00000000edcbe660) 
thrown [s\open\src\hotspot\share\interpreter\linkResolver.cpp, line 773]
Event: 2.220 Thread 0x00000202be30acd0 Exception <a 'java/lang/NoSuchMethodError'{0x00000000ed983ca0}: 'void java.lang.invoke.DelegatingMethodHandle$Holder.reinvoke_L(java.lang.Object, java.lang.Object, java.lang.Object, java.lang.Object, java.lang.Object, java.lang.Object, java.lang.Object, java.lang.Object, java.lang.Object, java.lang.Object)'> (0x00000000ed983ca0) 
thrown [s\open\src\hotspot\share\interpreter\linkResolver.cpp, line 773]
Event: 2.220 Thread 0x00000202be30acd0 Exception <a 'java/lang/NoSuchMethodError'{0x00000000ed98b6c0}: 'java.lang.Object java.lang.invoke.Invokers$Holder.invoker(java.lang.Object, java.lang.Object, java.lang.Object, java.lang.Object, java.lang.Object, java.lang.Object, java.lang.Object, java.lang.Object, java.lang.Object, java.lang.Object)'> (0x00000000ed98b6c0) 
thrown [s\open\src\hotspot\share\interpreter\linkResolver.cpp, line 773]
Event: 2.361 Thread 0x00000202be30acd0 Exception <a 'java/lang/NoSuchMethodError'{0x00000000ed3ccd08}: 'void java.lang.invoke.DirectMethodHandle$Holder.invokeInterface(java.lang.Object, java.lang.Object)'> (0x00000000ed3ccd08) 
thrown [s\open\src\hotspot\share\interpreter\linkResolver.cpp, line 773]
Event: 2.361 Thread 0x00000202be30acd0 Exception <a 'java/lang/IncompatibleClassChangeError'{0x00000000ed3d0278}: Found class java.lang.Object, but interface was expected> (0x00000000ed3d0278) 
thrown [s\open\src\hotspot\share\interpreter\linkResolver.cpp, line 840]
Event: 2.380 Thread 0x00000202be30acd0 Exception <a 'java/lang/NoSuchMethodError'{0x00000000ed2f7980}: 'java.lang.Object java.lang.invoke.DirectMethodHandle$Holder.newInvokeSpecial(java.lang.Object, java.lang.Object, int)'> (0x00000000ed2f7980) 
thrown [s\open\src\hotspot\share\interpreter\linkResolver.cpp, line 773]
Event: 2.444 Thread 0x00000202be30acd0 Exception <a 'java/lang/NoSuchMethodError'{0x00000000ecd5f150}: 'java.lang.Object java.lang.invoke.DirectMethodHandle$Holder.invokeVirtual(java.lang.Object, java.lang.Object, java.lang.Object, java.lang.Object, java.lang.Object, java.lang.Object, java.lang.Object, java.lang.Object)'> (0x00000000ecd5f150) 
thrown [s\open\src\hotspot\share\interpreter\linkResolver.cpp, line 773]
Event: 2.459 Thread 0x00000202be30acd0 Exception <a 'java/lang/NoSuchMethodError'{0x00000000ecc03d08}: 'java.lang.Object java.lang.invoke.DirectMethodHandle$Holder.invokeVirtual(java.lang.Object, java.lang.Object, java.lang.Object, java.lang.Object, java.lang.Object, java.lang.Object, java.lang.Object, java.lang.Object, java.lang.Object, java.lang.Object)'> (0x00000000ecc03d08) 
thrown [s\open\src\hotspot\share\interpreter\linkResolver.cpp, line 773]
Event: 2.474 Thread 0x00000202be30acd0 Exception <a 'java/lang/NoSuchMethodError'{0x00000000ecc9a450}: 'void java.lang.invoke.DirectMethodHandle$Holder.invokeStatic(java.lang.Object, java.lang.Object, java.lang.Object, java.lang.Object)'> (0x00000000ecc9a450) 
thrown [s\open\src\hotspot\share\interpreter\linkResolver.cpp, line 773]
Event: 2.474 Thread 0x00000202be30acd0 Exception <a 'java/lang/NoSuchMethodError'{0x00000000ecc9e1d8}: 'void java.lang.invoke.DirectMethodHandle$Holder.invokeStaticInit(java.lang.Object, java.lang.Object, java.lang.Object, java.lang.Object)'> (0x00000000ecc9e1d8) 
thrown [s\open\src\hotspot\share\interpreter\linkResolver.cpp, line 773]
Event: 2.485 Thread 0x00000202be30acd0 Exception <a 'java/lang/NoSuchMethodError'{0x00000000eccf3ca0}: 'java.lang.Object java.lang.invoke.DirectMethodHandle$Holder.invokeInterface(java.lang.Object, java.lang.Object, java.lang.Object)'> (0x00000000eccf3ca0) 
thrown [s\open\src\hotspot\share\interpreter\linkResolver.cpp, line 773]
Event: 2.504 Thread 0x00000202be30acd0 Exception <a 'java/lang/NoSuchMethodError'{0x00000000ecbf2518}: 'int java.lang.invoke.DirectMethodHandle$Holder.invokeSpecialIFC(java.lang.Object, java.lang.Object, java.lang.Object, java.lang.Object)'> (0x00000000ecbf2518) 
thrown [s\open\src\hotspot\share\interpreter\linkResolver.cpp, line 773]
Event: 2.505 Thread 0x00000202be30acd0 Exception <a 'java/lang/IncompatibleClassChangeError'{0x00000000ecbff7a8}: Found class java.lang.Object, but interface was expected> (0x00000000ecbff7a8) 
thrown [s\open\src\hotspot\share\interpreter\linkResolver.cpp, line 840]
Event: 2.529 Thread 0x00000202be30acd0 Implicit null exception at 0x000002029818b766 to 0x000002029818b80a
Event: 2.555 Thread 0x00000202be30acd0 Exception <a 'java/lang/NoSuchMethodError'{0x00000000ec30d848}: 'int java.lang.invoke.DirectMethodHandle$Holder.invokeStatic(java.lang.Object, java.lang.Object, java.lang.Object, java.lang.Object)'> (0x00000000ec30d848) 
thrown [s\open\src\hotspot\share\interpreter\linkResolver.cpp, line 773]

ZGC Phase Switch (0 events):
No events

VM Operations (20 events):
Event: 1.611 Executing VM operation: HandshakeAllThreads (Deoptimize)
Event: 1.611 Executing VM operation: HandshakeAllThreads (Deoptimize) done
Event: 1.612 Executing VM operation: HandshakeAllThreads (Deoptimize)
Event: 1.612 Executing VM operation: HandshakeAllThreads (Deoptimize) done
Event: 1.656 Executing VM operation: HandshakeAllThreads (Deoptimize)
Event: 1.656 Executing VM operation: HandshakeAllThreads (Deoptimize) done
Event: 1.722 Executing VM operation: HandshakeAllThreads (Deoptimize)
Event: 1.722 Executing VM operation: HandshakeAllThreads (Deoptimize) done
Event: 1.740 Executing VM operation: HandshakeAllThreads (Deoptimize)
Event: 1.740 Executing VM operation: HandshakeAllThreads (Deoptimize) done
Event: 1.764 Executing VM operation: HandshakeAllThreads (Deoptimize)
Event: 1.764 Executing VM operation: HandshakeAllThreads (Deoptimize) done
Event: 1.808 Executing VM operation: HandshakeAllThreads (Deoptimize)
Event: 1.808 Executing VM operation: HandshakeAllThreads (Deoptimize) done
Event: 1.927 Executing VM operation: HandshakeAllThreads (Deoptimize)
Event: 1.927 Executing VM operation: HandshakeAllThreads (Deoptimize) done
Event: 2.113 Executing VM operation: ICBufferFull
Event: 2.113 Executing VM operation: ICBufferFull done
Event: 2.379 Executing VM operation: HandshakeAllThreads (Deoptimize)
Event: 2.379 Executing VM operation: HandshakeAllThreads (Deoptimize) done

Events (20 events):
Event: 0.032 Thread 0x00000202a33d22a0 Thread added: 0x00000202a33d22a0
Event: 0.032 Thread 0x00000202a33d6880 Thread added: 0x00000202a33d6880
Event: 0.032 Thread 0x00000202a33dc190 Thread added: 0x00000202a33dc190
Event: 0.032 Thread 0x00000202a33e94e0 Thread added: 0x00000202a33e94e0
Event: 0.045 Thread 0x00000202a3530420 Thread added: 0x00000202a3530420
Event: 0.079 Thread 0x00000202a36eb830 Thread added: 0x00000202a36eb830
Event: 0.269 Thread 0x00000202a33e79a0 Thread added: 0x00000202a33e79a0
Event: 1.613 Thread 0x00000202be043670 Thread added: 0x00000202be043670
Event: 1.841 Thread 0x00000202be00daa0 Thread added: 0x00000202be00daa0
Event: 1.905 Thread 0x00000202bde531f0 Thread added: 0x00000202bde531f0
Event: 1.956 Thread 0x00000202be0676c0 Thread added: 0x00000202be0676c0
Event: 1.958 Thread 0x00000202be0662c0 Thread added: 0x00000202be0662c0
Event: 1.989 Thread 0x00000202be300ba0 Thread added: 0x00000202be300ba0
Event: 1.995 Thread 0x00000202be30acd0 Thread added: 0x00000202be30acd0
Event: 2.004 Thread 0x00000202be317e50 Thread added: 0x00000202be317e50
Event: 2.007 Thread 0x00000202be31c200 Thread added: 0x00000202be31c200
Event: 2.009 Thread 0x00000202be31c890 Thread added: 0x00000202be31c890
Event: 2.379 Thread 0x00000202be31d5b0 Thread added: 0x00000202be31d5b0
Event: 2.384 Thread 0x00000202be31cf20 Thread added: 0x00000202be31cf20
Event: 2.424 Thread 0x00000202be31e2d0 Thread added: 0x00000202be31e2d0


Dynamic libraries:
0x00007ff665510000 - 0x00007ff665520000 	C:\Program Files\Java\jdk-21\bin\java.exe
0x00007ffa8cfe0000 - 0x00007ffa8d247000 	C:\WINDOWS\SYSTEM32\ntdll.dll
0x00007ffa8bca0000 - 0x00007ffa8bd69000 	C:\WINDOWS\System32\KERNEL32.DLL
0x00007ffa8a470000 - 0x00007ffa8a860000 	C:\WINDOWS\System32\KERNELBASE.dll
0x00007ffa8a870000 - 0x00007ffa8a9bb000 	C:\WINDOWS\System32\ucrtbase.dll
0x00007ffa64050000 - 0x00007ffa6406b000 	C:\Program Files\Java\jdk-21\bin\VCRUNTIME140.dll
0x00007ffa63f30000 - 0x00007ffa63f49000 	C:\Program Files\Java\jdk-21\bin\jli.dll
0x00007ffa8cd20000 - 0x00007ffa8cdd4000 	C:\WINDOWS\System32\ADVAPI32.dll
0x00007ffa8c250000 - 0x00007ffa8c2f9000 	C:\WINDOWS\System32\msvcrt.dll
0x00007ffa8cef0000 - 0x00007ffa8cf96000 	C:\WINDOWS\System32\sechost.dll
0x00007ffa8cc00000 - 0x00007ffa8cd18000 	C:\WINDOWS\System32\RPCRT4.dll
0x00007ffa8af80000 - 0x00007ffa8b145000 	C:\WINDOWS\System32\USER32.dll
0x00007ffa73090000 - 0x00007ffa7332a000 	C:\WINDOWS\WinSxS\amd64_microsoft.windows.common-controls_6595b64144ccf1df_6.0.26100.4768_none_3e0c112ce331287c\COMCTL32.dll
0x00007ffa8ad40000 - 0x00007ffa8ad67000 	C:\WINDOWS\System32\win32u.dll
0x00007ffa8bb70000 - 0x00007ffa8bb9b000 	C:\WINDOWS\System32\GDI32.dll
0x00007ffa8a9c0000 - 0x00007ffa8aaf8000 	C:\WINDOWS\System32\gdi32full.dll
0x00007ffa8a110000 - 0x00007ffa8a1b3000 	C:\WINDOWS\System32\msvcp_win.dll
0x00007ffa79510000 - 0x00007ffa7951b000 	C:\WINDOWS\SYSTEM32\VERSION.dll
0x00007ffa8bdf0000 - 0x00007ffa8be1f000 	C:\WINDOWS\System32\IMM32.DLL
0x00007ffa63f20000 - 0x00007ffa63f2c000 	C:\Program Files\Java\jdk-21\bin\vcruntime140_1.dll
0x00007ffa63e90000 - 0x00007ffa63f1e000 	C:\Program Files\Java\jdk-21\bin\msvcp140.dll
0x00007ff9e5340000 - 0x00007ff9e605d000 	C:\Program Files\Java\jdk-21\bin\server\jvm.dll
0x00007ffa8c300000 - 0x00007ffa8c374000 	C:\WINDOWS\System32\WS2_32.dll
0x00007ffa89f70000 - 0x00007ffa89fce000 	C:\WINDOWS\SYSTEM32\POWRPROF.dll
0x00007ffa73520000 - 0x00007ffa73555000 	C:\WINDOWS\SYSTEM32\WINMM.dll
0x00007ffa89f50000 - 0x00007ffa89f64000 	C:\WINDOWS\SYSTEM32\UMPDC.dll
0x00007ffa88e60000 - 0x00007ffa88e7b000 	C:\WINDOWS\SYSTEM32\kernel.appcore.dll
0x00007ffa63e80000 - 0x00007ffa63e8a000 	C:\Program Files\Java\jdk-21\bin\jimage.dll
0x00007ffa87420000 - 0x00007ffa87661000 	C:\WINDOWS\SYSTEM32\DBGHELP.DLL
0x00007ffa8b1e0000 - 0x00007ffa8b565000 	C:\WINDOWS\System32\combase.dll
0x00007ffa8cde0000 - 0x00007ffa8cec0000 	C:\WINDOWS\System32\OLEAUT32.dll
0x00007ffa6f970000 - 0x00007ffa6f9b3000 	C:\WINDOWS\SYSTEM32\dbgcore.DLL
0x00007ffa8a340000 - 0x00007ffa8a3d9000 	C:\WINDOWS\System32\bcryptPrimitives.dll
0x00007ffa84740000 - 0x00007ffa8474f000 	C:\Program Files\Java\jdk-21\bin\instrument.dll
0x00007ffa63e50000 - 0x00007ffa63e6f000 	C:\Program Files\Java\jdk-21\bin\java.dll
0x00007ffa8c4b0000 - 0x00007ffa8cbfd000 	C:\WINDOWS\System32\SHELL32.dll
0x00007ffa8a1c0000 - 0x00007ffa8a333000 	C:\WINDOWS\System32\wintypes.dll
0x00007ffa87cd0000 - 0x00007ffa88530000 	C:\WINDOWS\SYSTEM32\windows.storage.dll
0x00007ffa8c0d0000 - 0x00007ffa8c1c5000 	C:\WINDOWS\System32\SHCORE.dll
0x00007ffa8c440000 - 0x00007ffa8c4aa000 	C:\WINDOWS\System32\shlwapi.dll
0x00007ffa8a030000 - 0x00007ffa8a059000 	C:\WINDOWS\SYSTEM32\profapi.dll
0x00007ffa2ef10000 - 0x00007ffa2efe7000 	C:\Program Files\Java\jdk-21\bin\jsvml.dll
0x00007ffa63e30000 - 0x00007ffa63e48000 	C:\Program Files\Java\jdk-21\bin\zip.dll
0x00007ffa63e20000 - 0x00007ffa63e30000 	C:\Program Files\Java\jdk-21\bin\net.dll
0x00007ffa7b220000 - 0x00007ffa7b33e000 	C:\WINDOWS\SYSTEM32\WINHTTP.dll
0x00007ffa89420000 - 0x00007ffa8948b000 	C:\WINDOWS\system32\mswsock.dll
0x00007ffa63e00000 - 0x00007ffa63e16000 	C:\Program Files\Java\jdk-21\bin\nio.dll
0x00007ffa63df0000 - 0x00007ffa63e00000 	C:\Program Files\Java\jdk-21\bin\verify.dll
0x00007ffa64070000 - 0x00007ffa64097000 	C:\Users\ADMINIS\.gradle\native\1def1411415f61bf3af743bc5b6707747c0891f09f0c88961ee8f79bc544acac\windows-amd64\native-platform.dll
0x00007ffa63cb0000 - 0x00007ffa63d28000 	C:\Users\ADMINIS\.gradle\native\0.2.7\x86_64-windows-gnu\gradle-fileevents.dll
0x00007ffa63de0000 - 0x00007ffa63dea000 	C:\Program Files\Java\jdk-21\bin\management.dll
0x00007ffa63dd0000 - 0x00007ffa63ddb000 	C:\Program Files\Java\jdk-21\bin\management_ext.dll
0x00007ffa8c380000 - 0x00007ffa8c388000 	C:\WINDOWS\System32\PSAPI.DLL
0x00007ffa88840000 - 0x00007ffa88873000 	C:\WINDOWS\SYSTEM32\IPHLPAPI.DLL
0x00007ffa8ad70000 - 0x00007ffa8ad7a000 	C:\WINDOWS\System32\NSI.dll
0x00007ffa63dc0000 - 0x00007ffa63dc9000 	C:\Program Files\Java\jdk-21\bin\extnet.dll
0x00007ffa896e0000 - 0x00007ffa896fb000 	C:\WINDOWS\SYSTEM32\CRYPTSP.dll
0x00007ffa88dc0000 - 0x00007ffa88dfb000 	C:\WINDOWS\system32\rsaenh.dll
0x00007ffa894c0000 - 0x00007ffa894eb000 	C:\WINDOWS\SYSTEM32\USERENV.dll
0x00007ffa8a000000 - 0x00007ffa8a026000 	C:\WINDOWS\SYSTEM32\bcrypt.dll
0x00007ffa89700000 - 0x00007ffa8970c000 	C:\WINDOWS\SYSTEM32\CRYPTBASE.dll
0x00007ffa63db0000 - 0x00007ffa63dbe000 	C:\Program Files\Java\jdk-21\bin\sunmscapi.dll
0x00007ffa8ab00000 - 0x00007ffa8ac77000 	C:\WINDOWS\System32\CRYPT32.dll
0x00007ffa89900000 - 0x00007ffa89930000 	C:\WINDOWS\SYSTEM32\ncrypt.dll
0x00007ffa898b0000 - 0x00007ffa898ef000 	C:\WINDOWS\SYSTEM32\NTASN1.dll
0x00007ffa23ef0000 - 0x00007ffa23ef8000 	C:\WINDOWS\system32\wshunix.dll

dbghelp: loaded successfully - version: 4.0.5 - missing functions: none
symbol engine: initialized successfully - sym options: 0x614 - pdb path: .;C:\Program Files\Java\jdk-21\bin;C:\WINDOWS\SYSTEM32;C:\WINDOWS\WinSxS\amd64_microsoft.windows.common-controls_6595b64144ccf1df_6.0.26100.4768_none_3e0c112ce331287c;C:\Program Files\Java\jdk-21\bin\server;C:\Users\ADMINIS\.gradle\native\1def1411415f61bf3af743bc5b6707747c0891f09f0c88961ee8f79bc544acac\windows-amd64;C:\Users\ADMINIS\.gradle\native\0.2.7\x86_64-windows-gnu

VM Arguments:
jvm_args: --add-opens=java.base/java.lang=ALL-UNNAMED --add-opens=java.base/java.lang.invoke=ALL-UNNAMED --add-opens=java.base/java.util=ALL-UNNAMED --add-opens=java.prefs/java.util.prefs=ALL-UNNAMED --add-exports=jdk.compiler/com.sun.tools.javac.api=ALL-UNNAMED --add-exports=jdk.compiler/com.sun.tools.javac.util=ALL-UNNAMED --add-opens=java.base/java.util=ALL-UNNAMED --add-opens=java.prefs/java.util.prefs=ALL-UNNAMED --add-opens=java.base/java.nio.charset=ALL-UNNAMED --add-opens=java.base/java.net=ALL-UNNAMED --add-opens=java.base/java.util.concurrent.atomic=ALL-UNNAMED --add-opens=java.xml/javax.xml.namespace=ALL-UNNAMED -XX:MaxMetaspaceSize=384m -XX:+HeapDumpOnOutOfMemoryError -Xms256m -Xmx512m -Dfile.encoding=UTF-8 -Duser.country=US -Duser.language=en -Duser.variant -javaagent:C:\Users\ADMINIS\.gradle\wrapper\dists\gradle-8.14.3-bin\cv11ve7ro1n3o1j4so8xd9n66\gradle-8.14.3\lib\agents\gradle-instrumentation-agent-8.14.3.jar 
java_command: org.gradle.launcher.daemon.bootstrap.GradleDaemon 8.14.3
java_class_path (initial): C:\Users\ADMINIS\.gradle\wrapper\dists\gradle-8.14.3-bin\cv11ve7ro1n3o1j4so8xd9n66\gradle-8.14.3\lib\gradle-daemon-main-8.14.3.jar
Launcher Type: SUN_STANDARD

[Global flags]
     intx CICompilerCount                          = 4                                         {product} {ergonomic}
   size_t CompressedClassSpaceSize                 = 335544320                                 {product} {ergonomic}
     uint ConcGCThreads                            = 3                                         {product} {ergonomic}
     uint G1ConcRefinementThreads                  = 10                                        {product} {ergonomic}
   size_t G1HeapRegionSize                         = 1048576                                   {product} {ergonomic}
    uintx GCDrainStackTargetSize                   = 64                                        {product} {ergonomic}
     bool HeapDumpOnOutOfMemoryError               = true                                   {manageable} {command line}
   size_t InitialHeapSize                          = 268435456                                 {product} {command line}
   size_t MarkStackSize                            = 4194304                                   {product} {ergonomic}
   size_t MaxHeapSize                              = 536870912                                 {product} {command line}
   size_t MaxMetaspaceSize                         = 402653184                                 {product} {command line}
   size_t MaxNewSize                               = 321912832                                 {product} {ergonomic}
   size_t MinHeapDeltaBytes                        = 1048576                                   {product} {ergonomic}
   size_t MinHeapSize                              = 268435456                                 {product} {command line}
    uintx NonNMethodCodeHeapSize                   = 5839372                                {pd product} {ergonomic}
    uintx NonProfiledCodeHeapSize                  = 122909434                              {pd product} {ergonomic}
    uintx ProfiledCodeHeapSize                     = 122909434                              {pd product} {ergonomic}
    uintx ReservedCodeCacheSize                    = 251658240                              {pd product} {ergonomic}
     bool SegmentedCodeCache                       = true                                      {product} {ergonomic}
   size_t SoftMaxHeapSize                          = 536870912                              {manageable} {ergonomic}
     bool UseCompressedOops                        = true                           {product lp64_product} {ergonomic}
     bool UseG1GC                                  = true                                      {product} {ergonomic}
     bool UseLargePagesIndividualAllocation        = false                                  {pd product} {ergonomic}

Logging:
Log output configuration:
 #0: stdout all=warning uptime,level,tags foldmultilines=false
 #1: stderr all=off uptime,level,tags foldmultilines=false

Environment Variables:
JAVA_HOME=C:\Program Files\Java\jdk-21
PATH=C:\Program Files\Common Files\Oracle\Java\javapath;C:\Program Files\Java\jdk-21\bin;C:\WINDOWS\system32;C:\WINDOWS;C:\WINDOWS\System32\Wbem;C:\WINDOWS\System32\WindowsPowerShell\v1.0\;C:\WINDOWS\System32\OpenSSH\;C:\MinGW\bin;C:\Program Files\nodejs\;C:\ProgramData\chocolatey\bin;C:\Program Files\dotnet\;C:\Program Files\Git\cmd;C:\Program Files\Docker\Docker\resources\bin;C:\WINDOWS\system32;C:\Program Files\Java\jdk-11\bin;C:\WINDOWS;C:\WINDOWS\System32\Wbem;C:\WINDOWS\System32\WindowsPowerShell\v1.0\;C:\WINDOWS\System32\OpenSSH\;C:\Program Files\Git\cmd;C:\MinGW\bin;C:\Program Files\nodejs\;C:\ProgramData\chocolatey\bin;C:\php-8.3.13-nts-Win32-vs16-x64;C:\Users\ADMINIS\composer;C:\flutter\bin;C:\Program Files\JetBrains\IntelliJ IDEA 2025.1.3\bin;;C:\Users\ADMINIS\AppData\Local\Programs\Microsoft VS Code\bin;C:\Users\ADMINIS\AppData\Local\Microsoft\WindowsApps;C:\Users\ADMINIS\AppData\Roaming\npm;
USERNAME=ADMINIS
OS=Windows_NT
PROCESSOR_IDENTIFIER=Intel64 Family 6 Model 141 Stepping 1, GenuineIntel
TMP=C:\Users\ADMINIS\AppData\Local\Temp
TEMP=C:\Users\ADMINIS\AppData\Local\Temp




Periodic native trim disabled

---------------  S Y S T E M  ---------------

OS:
 Windows 11 , 64 bit Build 26100 (10.0.26100.4768)
OS uptime: 0 days 19:58 hours
Hyper-V role detected

CPU: total 12 (initial active 12) (6 cores per cpu, 2 threads per core) family 6 model 141 stepping 1 microcode 0x3c, cx8, cmov, fxsr, ht, mmx, 3dnowpref, sse, sse2, sse3, ssse3, sse4.1, sse4.2, popcnt, lzcnt, tsc, tscinvbit, avx, avx2, aes, erms, clmul, bmi1, bmi2, adx, avx512f, avx512dq, avx512cd, avx512bw, avx512vl, sha, fma, vzeroupper, avx512_vpopcntdq, avx512_vpclmulqdq, avx512_vaes, avx512_vnni, clflush, clflushopt, clwb, avx512_vbmi2, avx512_vbmi, hv, rdtscp, rdpid, fsrm, gfni, avx512_bitalg, f16c, cet_ibt, cet_ss, avx512_ifma
Processor Information for all 12 processors :
  Max Mhz: 2688, Current Mhz: 2688, Mhz Limit: 2688

Memory: 4k page, system-wide physical 7955M (562M free)
TotalPageFile size 28877M (AvailPageFile size 2M)
current process WorkingSet (physical memory assigned to process): 190M, peak: 191M
current process commit charge ("private bytes"): 423M, peak: 425M

vm_info: Java HotSpot(TM) 64-Bit Server VM (21.0.8+12-LTS-250) for windows-amd64 JRE (21.0.8+12-LTS-250), built on 2025-06-27T08:11:22Z by "mach5one" with MS VC++ 17.6 (VS2022)

END.
